The system is: Darwin - 19.0.0 - x86_64
Compiling the C compiler identification source file "CMakeCCompilerId.c" succeeded.
Compiler: /Library/Developer/CommandLineTools/usr/bin/cc 
Build flags: 
Id flags:  

The output was:
0


Compilation of the C compiler identification source "CMakeCCompilerId.c" produced "a.out"

The C compiler identification is AppleClang, found in "/Users/hahyunsoo/Github/Anonymityvoting/build/Darwin/master/debug/CMakeFiles/3.15.5/CompilerIdC/a.out"

Compiling the CXX compiler identification source file "CMakeCXXCompilerId.cpp" succeeded.
Compiler: /Library/Developer/CommandLineTools/usr/bin/c++ 
Build flags: 
Id flags:  

The output was:
0


Compilation of the CXX compiler identification source "CMakeCXXCompilerId.cpp" produced "a.out"

The CXX compiler identification is AppleClang, found in "/Users/hahyunsoo/Github/Anonymityvoting/build/Darwin/master/debug/CMakeFiles/3.15.5/CompilerIdCXX/a.out"

Determining if the C compiler works passed with the following output:
Change Dir: /Users/hahyunsoo/Github/Anonymityvoting/build/Darwin/master/debug/CMakeFiles/CMakeTmp

Run Build Command(s):/usr/bin/make cmTC_279b4/fast && /Library/Developer/CommandLineTools/usr/bin/make -f CMakeFiles/cmTC_279b4.dir/build.make CMakeFiles/cmTC_279b4.dir/build
Building C object CMakeFiles/cmTC_279b4.dir/testCCompiler.c.o
/Library/Developer/CommandLineTools/usr/bin/cc   -isysroot /Library/Developer/CommandLineTools/SDKs/MacOSX10.15.sdk   -o CMakeFiles/cmTC_279b4.dir/testCCompiler.c.o   -c /Users/hahyunsoo/Github/Anonymityvoting/build/Darwin/master/debug/CMakeFiles/CMakeTmp/testCCompiler.c
Linking C executable cmTC_279b4
/usr/local/Cellar/cmake/3.15.5/bin/cmake -E cmake_link_script CMakeFiles/cmTC_279b4.dir/link.txt --verbose=1
/Library/Developer/CommandLineTools/usr/bin/cc   -isysroot /Library/Developer/CommandLineTools/SDKs/MacOSX10.15.sdk -Wl,-search_paths_first -Wl,-headerpad_max_install_names   CMakeFiles/cmTC_279b4.dir/testCCompiler.c.o  -o cmTC_279b4 



Detecting C compiler ABI info compiled with the following output:
Change Dir: /Users/hahyunsoo/Github/Anonymityvoting/build/Darwin/master/debug/CMakeFiles/CMakeTmp

Run Build Command(s):/usr/bin/make cmTC_7f1a7/fast && /Library/Developer/CommandLineTools/usr/bin/make -f CMakeFiles/cmTC_7f1a7.dir/build.make CMakeFiles/cmTC_7f1a7.dir/build
Building C object CMakeFiles/cmTC_7f1a7.dir/CMakeCCompilerABI.c.o
/Library/Developer/CommandLineTools/usr/bin/cc   -isysroot /Library/Developer/CommandLineTools/SDKs/MacOSX10.15.sdk   -v -Wl,-v -o CMakeFiles/cmTC_7f1a7.dir/CMakeCCompilerABI.c.o   -c /usr/local/Cellar/cmake/3.15.5/share/cmake/Modules/CMakeCCompilerABI.c
Apple clang version 11.0.0 (clang-1100.0.33.12)
Target: x86_64-apple-darwin19.0.0
Thread model: posix
InstalledDir: /Library/Developer/CommandLineTools/usr/bin
clang: warning: -Wl,-v: 'linker' input unused [-Wunused-command-line-argument]
 "/Library/Developer/CommandLineTools/usr/bin/clang" -cc1 -triple x86_64-apple-macosx10.15.0 -Wdeprecated-objc-isa-usage -Werror=deprecated-objc-isa-usage -emit-obj -mrelax-all -disable-free -disable-llvm-verifier -discard-value-names -main-file-name CMakeCCompilerABI.c -mrelocation-model pic -pic-level 2 -mthread-model posix -mdisable-fp-elim -fno-strict-return -masm-verbose -munwind-tables -target-sdk-version=10.15 -target-cpu penryn -dwarf-column-info -debugger-tuning=lldb -ggnu-pubnames -target-linker-version 520 -v -coverage-notes-file /Users/hahyunsoo/Github/Anonymityvoting/build/Darwin/master/debug/CMakeFiles/CMakeTmp/CMakeFiles/cmTC_7f1a7.dir/CMakeCCompilerABI.c.gcno -resource-dir /Library/Developer/CommandLineTools/usr/lib/clang/11.0.0 -isysroot /Library/Developer/CommandLineTools/SDKs/MacOSX10.15.sdk -Wno-framework-include-private-from-public -Wno-atimport-in-framework-header -Wno-extra-semi-stmt -Wno-quoted-include-in-framework-header -fdebug-compilation-dir /Users/hahyunsoo/Github/Anonymityvoting/build/Darwin/master/debug/CMakeFiles/CMakeTmp -ferror-limit 19 -fmessage-length 0 -stack-protector 1 -fstack-check -mdarwin-stkchk-strong-link -fblocks -fencode-extended-block-signature -fregister-global-dtors-with-atexit -fobjc-runtime=macosx-10.15.0 -fmax-type-align=16 -fdiagnostics-show-option -o CMakeFiles/cmTC_7f1a7.dir/CMakeCCompilerABI.c.o -x c /usr/local/Cellar/cmake/3.15.5/share/cmake/Modules/CMakeCCompilerABI.c
clang -cc1 version 11.0.0 (clang-1100.0.33.12) default target x86_64-apple-darwin19.0.0
ignoring nonexistent directory "/Library/Developer/CommandLineTools/SDKs/MacOSX10.15.sdk/usr/local/include"
ignoring nonexistent directory "/Library/Developer/CommandLineTools/SDKs/MacOSX10.15.sdk/Library/Frameworks"
#include "..." search starts here:
#include <...> search starts here:
 /Library/Developer/CommandLineTools/usr/lib/clang/11.0.0/include
 /Library/Developer/CommandLineTools/usr/include
 /Library/Developer/CommandLineTools/SDKs/MacOSX10.15.sdk/usr/include
 /Library/Developer/CommandLineTools/SDKs/MacOSX10.15.sdk/System/Library/Frameworks (framework directory)
End of search list.
Linking C executable cmTC_7f1a7
/usr/local/Cellar/cmake/3.15.5/bin/cmake -E cmake_link_script CMakeFiles/cmTC_7f1a7.dir/link.txt --verbose=1
/Library/Developer/CommandLineTools/usr/bin/cc   -isysroot /Library/Developer/CommandLineTools/SDKs/MacOSX10.15.sdk -Wl,-search_paths_first -Wl,-headerpad_max_install_names  -v -Wl,-v CMakeFiles/cmTC_7f1a7.dir/CMakeCCompilerABI.c.o  -o cmTC_7f1a7 
Apple clang version 11.0.0 (clang-1100.0.33.12)
Target: x86_64-apple-darwin19.0.0
Thread model: posix
InstalledDir: /Library/Developer/CommandLineTools/usr/bin
 "/Library/Developer/CommandLineTools/usr/bin/ld" -demangle -lto_library /Library/Developer/CommandLineTools/usr/lib/libLTO.dylib -dynamic -arch x86_64 -macosx_version_min 10.15.0 -syslibroot /Library/Developer/CommandLineTools/SDKs/MacOSX10.15.sdk -o cmTC_7f1a7 -search_paths_first -headerpad_max_install_names -v CMakeFiles/cmTC_7f1a7.dir/CMakeCCompilerABI.c.o -lSystem /Library/Developer/CommandLineTools/usr/lib/clang/11.0.0/lib/darwin/libclang_rt.osx.a
@(#)PROGRAM:ld  PROJECT:ld64-520
BUILD 18:38:01 Oct 11 2019
configured to support archs: armv6 armv7 armv7s arm64 arm64e arm64_32 i386 x86_64 x86_64h armv6m armv7k armv7m armv7em
Library search paths:
	/Library/Developer/CommandLineTools/SDKs/MacOSX10.15.sdk/usr/lib
Framework search paths:
	/Library/Developer/CommandLineTools/SDKs/MacOSX10.15.sdk/System/Library/Frameworks/



Parsed C implicit include dir info from above output: rv=done
  found start of include info
  found start of implicit include info
    add: [/Library/Developer/CommandLineTools/usr/lib/clang/11.0.0/include]
    add: [/Library/Developer/CommandLineTools/usr/include]
    add: [/Library/Developer/CommandLineTools/SDKs/MacOSX10.15.sdk/usr/include]
  end of search list found
  collapse include dir [/Library/Developer/CommandLineTools/usr/lib/clang/11.0.0/include] ==> [/Library/Developer/CommandLineTools/usr/lib/clang/11.0.0/include]
  collapse include dir [/Library/Developer/CommandLineTools/usr/include] ==> [/Library/Developer/CommandLineTools/usr/include]
  collapse include dir [/Library/Developer/CommandLineTools/SDKs/MacOSX10.15.sdk/usr/include] ==> [/Library/Developer/CommandLineTools/SDKs/MacOSX10.15.sdk/usr/include]
  implicit include dirs: [/Library/Developer/CommandLineTools/usr/lib/clang/11.0.0/include;/Library/Developer/CommandLineTools/usr/include;/Library/Developer/CommandLineTools/SDKs/MacOSX10.15.sdk/usr/include]


Parsed C implicit link information from above output:
  link line regex: [^( *|.*[/\])(ld|CMAKE_LINK_STARTFILE-NOTFOUND|([^/\]+-)?ld|collect2)[^/\]*( |$)]
  ignore line: [Change Dir: /Users/hahyunsoo/Github/Anonymityvoting/build/Darwin/master/debug/CMakeFiles/CMakeTmp]
  ignore line: []
  ignore line: [Run Build Command(s):/usr/bin/make cmTC_7f1a7/fast && /Library/Developer/CommandLineTools/usr/bin/make -f CMakeFiles/cmTC_7f1a7.dir/build.make CMakeFiles/cmTC_7f1a7.dir/build]
  ignore line: [Building C object CMakeFiles/cmTC_7f1a7.dir/CMakeCCompilerABI.c.o]
  ignore line: [/Library/Developer/CommandLineTools/usr/bin/cc   -isysroot /Library/Developer/CommandLineTools/SDKs/MacOSX10.15.sdk   -v -Wl,-v -o CMakeFiles/cmTC_7f1a7.dir/CMakeCCompilerABI.c.o   -c /usr/local/Cellar/cmake/3.15.5/share/cmake/Modules/CMakeCCompilerABI.c]
  ignore line: [Apple clang version 11.0.0 (clang-1100.0.33.12)]
  ignore line: [Target: x86_64-apple-darwin19.0.0]
  ignore line: [Thread model: posix]
  ignore line: [InstalledDir: /Library/Developer/CommandLineTools/usr/bin]
  ignore line: [clang: warning: -Wl,-v: 'linker' input unused [-Wunused-command-line-argument]]
  ignore line: [ "/Library/Developer/CommandLineTools/usr/bin/clang" -cc1 -triple x86_64-apple-macosx10.15.0 -Wdeprecated-objc-isa-usage -Werror=deprecated-objc-isa-usage -emit-obj -mrelax-all -disable-free -disable-llvm-verifier -discard-value-names -main-file-name CMakeCCompilerABI.c -mrelocation-model pic -pic-level 2 -mthread-model posix -mdisable-fp-elim -fno-strict-return -masm-verbose -munwind-tables -target-sdk-version=10.15 -target-cpu penryn -dwarf-column-info -debugger-tuning=lldb -ggnu-pubnames -target-linker-version 520 -v -coverage-notes-file /Users/hahyunsoo/Github/Anonymityvoting/build/Darwin/master/debug/CMakeFiles/CMakeTmp/CMakeFiles/cmTC_7f1a7.dir/CMakeCCompilerABI.c.gcno -resource-dir /Library/Developer/CommandLineTools/usr/lib/clang/11.0.0 -isysroot /Library/Developer/CommandLineTools/SDKs/MacOSX10.15.sdk -Wno-framework-include-private-from-public -Wno-atimport-in-framework-header -Wno-extra-semi-stmt -Wno-quoted-include-in-framework-header -fdebug-compilation-dir /Users/hahyunsoo/Github/Anonymityvoting/build/Darwin/master/debug/CMakeFiles/CMakeTmp -ferror-limit 19 -fmessage-length 0 -stack-protector 1 -fstack-check -mdarwin-stkchk-strong-link -fblocks -fencode-extended-block-signature -fregister-global-dtors-with-atexit -fobjc-runtime=macosx-10.15.0 -fmax-type-align=16 -fdiagnostics-show-option -o CMakeFiles/cmTC_7f1a7.dir/CMakeCCompilerABI.c.o -x c /usr/local/Cellar/cmake/3.15.5/share/cmake/Modules/CMakeCCompilerABI.c]
  ignore line: [clang -cc1 version 11.0.0 (clang-1100.0.33.12) default target x86_64-apple-darwin19.0.0]
  ignore line: [ignoring nonexistent directory "/Library/Developer/CommandLineTools/SDKs/MacOSX10.15.sdk/usr/local/include"]
  ignore line: [ignoring nonexistent directory "/Library/Developer/CommandLineTools/SDKs/MacOSX10.15.sdk/Library/Frameworks"]
  ignore line: [#include "..." search starts here:]
  ignore line: [#include <...> search starts here:]
  ignore line: [ /Library/Developer/CommandLineTools/usr/lib/clang/11.0.0/include]
  ignore line: [ /Library/Developer/CommandLineTools/usr/include]
  ignore line: [ /Library/Developer/CommandLineTools/SDKs/MacOSX10.15.sdk/usr/include]
  ignore line: [ /Library/Developer/CommandLineTools/SDKs/MacOSX10.15.sdk/System/Library/Frameworks (framework directory)]
  ignore line: [End of search list.]
  ignore line: [Linking C executable cmTC_7f1a7]
  ignore line: [/usr/local/Cellar/cmake/3.15.5/bin/cmake -E cmake_link_script CMakeFiles/cmTC_7f1a7.dir/link.txt --verbose=1]
  ignore line: [/Library/Developer/CommandLineTools/usr/bin/cc   -isysroot /Library/Developer/CommandLineTools/SDKs/MacOSX10.15.sdk -Wl,-search_paths_first -Wl,-headerpad_max_install_names  -v -Wl,-v CMakeFiles/cmTC_7f1a7.dir/CMakeCCompilerABI.c.o  -o cmTC_7f1a7 ]
  ignore line: [Apple clang version 11.0.0 (clang-1100.0.33.12)]
  ignore line: [Target: x86_64-apple-darwin19.0.0]
  ignore line: [Thread model: posix]
  ignore line: [InstalledDir: /Library/Developer/CommandLineTools/usr/bin]
  link line: [ "/Library/Developer/CommandLineTools/usr/bin/ld" -demangle -lto_library /Library/Developer/CommandLineTools/usr/lib/libLTO.dylib -dynamic -arch x86_64 -macosx_version_min 10.15.0 -syslibroot /Library/Developer/CommandLineTools/SDKs/MacOSX10.15.sdk -o cmTC_7f1a7 -search_paths_first -headerpad_max_install_names -v CMakeFiles/cmTC_7f1a7.dir/CMakeCCompilerABI.c.o -lSystem /Library/Developer/CommandLineTools/usr/lib/clang/11.0.0/lib/darwin/libclang_rt.osx.a]
    arg [/Library/Developer/CommandLineTools/usr/bin/ld] ==> ignore
    arg [-demangle] ==> ignore
    arg [-lto_library] ==> ignore, skip following value
    arg [/Library/Developer/CommandLineTools/usr/lib/libLTO.dylib] ==> skip value of -lto_library
    arg [-dynamic] ==> ignore
    arg [-arch] ==> ignore
    arg [x86_64] ==> ignore
    arg [-macosx_version_min] ==> ignore
    arg [10.15.0] ==> ignore
    arg [-syslibroot] ==> ignore
    arg [/Library/Developer/CommandLineTools/SDKs/MacOSX10.15.sdk] ==> ignore
    arg [-o] ==> ignore
    arg [cmTC_7f1a7] ==> ignore
    arg [-search_paths_first] ==> ignore
    arg [-headerpad_max_install_names] ==> ignore
    arg [-v] ==> ignore
    arg [CMakeFiles/cmTC_7f1a7.dir/CMakeCCompilerABI.c.o] ==> ignore
    arg [-lSystem] ==> lib [System]
    arg [/Library/Developer/CommandLineTools/usr/lib/clang/11.0.0/lib/darwin/libclang_rt.osx.a] ==> lib [/Library/Developer/CommandLineTools/usr/lib/clang/11.0.0/lib/darwin/libclang_rt.osx.a]
  Library search paths: [;/Library/Developer/CommandLineTools/SDKs/MacOSX10.15.sdk/usr/lib]
  Framework search paths: [;/Library/Developer/CommandLineTools/SDKs/MacOSX10.15.sdk/System/Library/Frameworks/]
  remove lib [System]
  remove lib [/Library/Developer/CommandLineTools/usr/lib/clang/11.0.0/lib/darwin/libclang_rt.osx.a]
  collapse library dir [/Library/Developer/CommandLineTools/SDKs/MacOSX10.15.sdk/usr/lib] ==> [/Library/Developer/CommandLineTools/SDKs/MacOSX10.15.sdk/usr/lib]
  collapse framework dir [/Library/Developer/CommandLineTools/SDKs/MacOSX10.15.sdk/System/Library/Frameworks/] ==> [/Library/Developer/CommandLineTools/SDKs/MacOSX10.15.sdk/System/Library/Frameworks]
  implicit libs: []
  implicit dirs: [/Library/Developer/CommandLineTools/SDKs/MacOSX10.15.sdk/usr/lib]
  implicit fwks: [/Library/Developer/CommandLineTools/SDKs/MacOSX10.15.sdk/System/Library/Frameworks]


Determining if the CXX compiler works passed with the following output:
Change Dir: /Users/hahyunsoo/Github/Anonymityvoting/build/Darwin/master/debug/CMakeFiles/CMakeTmp

Run Build Command(s):/usr/bin/make cmTC_1321c/fast && /Library/Developer/CommandLineTools/usr/bin/make -f CMakeFiles/cmTC_1321c.dir/build.make CMakeFiles/cmTC_1321c.dir/build
Building CXX object CMakeFiles/cmTC_1321c.dir/testCXXCompiler.cxx.o
/Library/Developer/CommandLineTools/usr/bin/c++    -isysroot /Library/Developer/CommandLineTools/SDKs/MacOSX10.15.sdk   -o CMakeFiles/cmTC_1321c.dir/testCXXCompiler.cxx.o -c /Users/hahyunsoo/Github/Anonymityvoting/build/Darwin/master/debug/CMakeFiles/CMakeTmp/testCXXCompiler.cxx
Linking CXX executable cmTC_1321c
/usr/local/Cellar/cmake/3.15.5/bin/cmake -E cmake_link_script CMakeFiles/cmTC_1321c.dir/link.txt --verbose=1
/Library/Developer/CommandLineTools/usr/bin/c++    -isysroot /Library/Developer/CommandLineTools/SDKs/MacOSX10.15.sdk -Wl,-search_paths_first -Wl,-headerpad_max_install_names   CMakeFiles/cmTC_1321c.dir/testCXXCompiler.cxx.o  -o cmTC_1321c 



Detecting CXX compiler ABI info compiled with the following output:
Change Dir: /Users/hahyunsoo/Github/Anonymityvoting/build/Darwin/master/debug/CMakeFiles/CMakeTmp

Run Build Command(s):/usr/bin/make cmTC_d60a7/fast && /Library/Developer/CommandLineTools/usr/bin/make -f CMakeFiles/cmTC_d60a7.dir/build.make CMakeFiles/cmTC_d60a7.dir/build
Building CXX object CMakeFiles/cmTC_d60a7.dir/CMakeCXXCompilerABI.cpp.o
/Library/Developer/CommandLineTools/usr/bin/c++    -isysroot /Library/Developer/CommandLineTools/SDKs/MacOSX10.15.sdk   -v -Wl,-v -o CMakeFiles/cmTC_d60a7.dir/CMakeCXXCompilerABI.cpp.o -c /usr/local/Cellar/cmake/3.15.5/share/cmake/Modules/CMakeCXXCompilerABI.cpp
Apple clang version 11.0.0 (clang-1100.0.33.12)
Target: x86_64-apple-darwin19.0.0
Thread model: posix
InstalledDir: /Library/Developer/CommandLineTools/usr/bin
clang: warning: -Wl,-v: 'linker' input unused [-Wunused-command-line-argument]
 "/Library/Developer/CommandLineTools/usr/bin/clang" -cc1 -triple x86_64-apple-macosx10.15.0 -Wdeprecated-objc-isa-usage -Werror=deprecated-objc-isa-usage -emit-obj -mrelax-all -disable-free -disable-llvm-verifier -discard-value-names -main-file-name CMakeCXXCompilerABI.cpp -mrelocation-model pic -pic-level 2 -mthread-model posix -mdisable-fp-elim -fno-strict-return -masm-verbose -munwind-tables -target-sdk-version=10.15 -target-cpu penryn -dwarf-column-info -debugger-tuning=lldb -ggnu-pubnames -target-linker-version 520 -v -coverage-notes-file /Users/hahyunsoo/Github/Anonymityvoting/build/Darwin/master/debug/CMakeFiles/CMakeTmp/CMakeFiles/cmTC_d60a7.dir/CMakeCXXCompilerABI.cpp.gcno -resource-dir /Library/Developer/CommandLineTools/usr/lib/clang/11.0.0 -isysroot /Library/Developer/CommandLineTools/SDKs/MacOSX10.15.sdk -stdlib=libc++ -internal-isystem /Library/Developer/CommandLineTools/usr/bin/../include/c++/v1 -Wno-framework-include-private-from-public -Wno-atimport-in-framework-header -Wno-extra-semi-stmt -Wno-quoted-include-in-framework-header -fdeprecated-macro -fdebug-compilation-dir /Users/hahyunsoo/Github/Anonymityvoting/build/Darwin/master/debug/CMakeFiles/CMakeTmp -ferror-limit 19 -fmessage-length 0 -stack-protector 1 -fstack-check -mdarwin-stkchk-strong-link -fblocks -fencode-extended-block-signature -fregister-global-dtors-with-atexit -fobjc-runtime=macosx-10.15.0 -fcxx-exceptions -fexceptions -fmax-type-align=16 -fdiagnostics-show-option -o CMakeFiles/cmTC_d60a7.dir/CMakeCXXCompilerABI.cpp.o -x c++ /usr/local/Cellar/cmake/3.15.5/share/cmake/Modules/CMakeCXXCompilerABI.cpp
clang -cc1 version 11.0.0 (clang-1100.0.33.12) default target x86_64-apple-darwin19.0.0
ignoring nonexistent directory "/Library/Developer/CommandLineTools/SDKs/MacOSX10.15.sdk/usr/include/c++/v1"
ignoring nonexistent directory "/Library/Developer/CommandLineTools/SDKs/MacOSX10.15.sdk/usr/local/include"
ignoring nonexistent directory "/Library/Developer/CommandLineTools/SDKs/MacOSX10.15.sdk/Library/Frameworks"
#include "..." search starts here:
#include <...> search starts here:
 /Library/Developer/CommandLineTools/usr/bin/../include/c++/v1
 /Library/Developer/CommandLineTools/usr/lib/clang/11.0.0/include
 /Library/Developer/CommandLineTools/usr/include
 /Library/Developer/CommandLineTools/SDKs/MacOSX10.15.sdk/usr/include
 /Library/Developer/CommandLineTools/SDKs/MacOSX10.15.sdk/System/Library/Frameworks (framework directory)
End of search list.
Linking CXX executable cmTC_d60a7
/usr/local/Cellar/cmake/3.15.5/bin/cmake -E cmake_link_script CMakeFiles/cmTC_d60a7.dir/link.txt --verbose=1
/Library/Developer/CommandLineTools/usr/bin/c++    -isysroot /Library/Developer/CommandLineTools/SDKs/MacOSX10.15.sdk -Wl,-search_paths_first -Wl,-headerpad_max_install_names  -v -Wl,-v CMakeFiles/cmTC_d60a7.dir/CMakeCXXCompilerABI.cpp.o  -o cmTC_d60a7 
Apple clang version 11.0.0 (clang-1100.0.33.12)
Target: x86_64-apple-darwin19.0.0
Thread model: posix
InstalledDir: /Library/Developer/CommandLineTools/usr/bin
 "/Library/Developer/CommandLineTools/usr/bin/ld" -demangle -lto_library /Library/Developer/CommandLineTools/usr/lib/libLTO.dylib -dynamic -arch x86_64 -macosx_version_min 10.15.0 -syslibroot /Library/Developer/CommandLineTools/SDKs/MacOSX10.15.sdk -o cmTC_d60a7 -search_paths_first -headerpad_max_install_names -v CMakeFiles/cmTC_d60a7.dir/CMakeCXXCompilerABI.cpp.o -lc++ -lSystem /Library/Developer/CommandLineTools/usr/lib/clang/11.0.0/lib/darwin/libclang_rt.osx.a
@(#)PROGRAM:ld  PROJECT:ld64-520
BUILD 18:38:01 Oct 11 2019
configured to support archs: armv6 armv7 armv7s arm64 arm64e arm64_32 i386 x86_64 x86_64h armv6m armv7k armv7m armv7em
Library search paths:
	/Library/Developer/CommandLineTools/SDKs/MacOSX10.15.sdk/usr/lib
Framework search paths:
	/Library/Developer/CommandLineTools/SDKs/MacOSX10.15.sdk/System/Library/Frameworks/



Parsed CXX implicit include dir info from above output: rv=done
  found start of include info
  found start of implicit include info
    add: [/Library/Developer/CommandLineTools/usr/bin/../include/c++/v1]
    add: [/Library/Developer/CommandLineTools/usr/lib/clang/11.0.0/include]
    add: [/Library/Developer/CommandLineTools/usr/include]
    add: [/Library/Developer/CommandLineTools/SDKs/MacOSX10.15.sdk/usr/include]
  end of search list found
  collapse include dir [/Library/Developer/CommandLineTools/usr/bin/../include/c++/v1] ==> [/Library/Developer/CommandLineTools/usr/include/c++/v1]
  collapse include dir [/Library/Developer/CommandLineTools/usr/lib/clang/11.0.0/include] ==> [/Library/Developer/CommandLineTools/usr/lib/clang/11.0.0/include]
  collapse include dir [/Library/Developer/CommandLineTools/usr/include] ==> [/Library/Developer/CommandLineTools/usr/include]
  collapse include dir [/Library/Developer/CommandLineTools/SDKs/MacOSX10.15.sdk/usr/include] ==> [/Library/Developer/CommandLineTools/SDKs/MacOSX10.15.sdk/usr/include]
  implicit include dirs: [/Library/Developer/CommandLineTools/usr/include/c++/v1;/Library/Developer/CommandLineTools/usr/lib/clang/11.0.0/include;/Library/Developer/CommandLineTools/usr/include;/Library/Developer/CommandLineTools/SDKs/MacOSX10.15.sdk/usr/include]


Parsed CXX implicit link information from above output:
  link line regex: [^( *|.*[/\])(ld|CMAKE_LINK_STARTFILE-NOTFOUND|([^/\]+-)?ld|collect2)[^/\]*( |$)]
  ignore line: [Change Dir: /Users/hahyunsoo/Github/Anonymityvoting/build/Darwin/master/debug/CMakeFiles/CMakeTmp]
  ignore line: []
  ignore line: [Run Build Command(s):/usr/bin/make cmTC_d60a7/fast && /Library/Developer/CommandLineTools/usr/bin/make -f CMakeFiles/cmTC_d60a7.dir/build.make CMakeFiles/cmTC_d60a7.dir/build]
  ignore line: [Building CXX object CMakeFiles/cmTC_d60a7.dir/CMakeCXXCompilerABI.cpp.o]
  ignore line: [/Library/Developer/CommandLineTools/usr/bin/c++    -isysroot /Library/Developer/CommandLineTools/SDKs/MacOSX10.15.sdk   -v -Wl,-v -o CMakeFiles/cmTC_d60a7.dir/CMakeCXXCompilerABI.cpp.o -c /usr/local/Cellar/cmake/3.15.5/share/cmake/Modules/CMakeCXXCompilerABI.cpp]
  ignore line: [Apple clang version 11.0.0 (clang-1100.0.33.12)]
  ignore line: [Target: x86_64-apple-darwin19.0.0]
  ignore line: [Thread model: posix]
  ignore line: [InstalledDir: /Library/Developer/CommandLineTools/usr/bin]
  ignore line: [clang: warning: -Wl,-v: 'linker' input unused [-Wunused-command-line-argument]]
  ignore line: [ "/Library/Developer/CommandLineTools/usr/bin/clang" -cc1 -triple x86_64-apple-macosx10.15.0 -Wdeprecated-objc-isa-usage -Werror=deprecated-objc-isa-usage -emit-obj -mrelax-all -disable-free -disable-llvm-verifier -discard-value-names -main-file-name CMakeCXXCompilerABI.cpp -mrelocation-model pic -pic-level 2 -mthread-model posix -mdisable-fp-elim -fno-strict-return -masm-verbose -munwind-tables -target-sdk-version=10.15 -target-cpu penryn -dwarf-column-info -debugger-tuning=lldb -ggnu-pubnames -target-linker-version 520 -v -coverage-notes-file /Users/hahyunsoo/Github/Anonymityvoting/build/Darwin/master/debug/CMakeFiles/CMakeTmp/CMakeFiles/cmTC_d60a7.dir/CMakeCXXCompilerABI.cpp.gcno -resource-dir /Library/Developer/CommandLineTools/usr/lib/clang/11.0.0 -isysroot /Library/Developer/CommandLineTools/SDKs/MacOSX10.15.sdk -stdlib=libc++ -internal-isystem /Library/Developer/CommandLineTools/usr/bin/../include/c++/v1 -Wno-framework-include-private-from-public -Wno-atimport-in-framework-header -Wno-extra-semi-stmt -Wno-quoted-include-in-framework-header -fdeprecated-macro -fdebug-compilation-dir /Users/hahyunsoo/Github/Anonymityvoting/build/Darwin/master/debug/CMakeFiles/CMakeTmp -ferror-limit 19 -fmessage-length 0 -stack-protector 1 -fstack-check -mdarwin-stkchk-strong-link -fblocks -fencode-extended-block-signature -fregister-global-dtors-with-atexit -fobjc-runtime=macosx-10.15.0 -fcxx-exceptions -fexceptions -fmax-type-align=16 -fdiagnostics-show-option -o CMakeFiles/cmTC_d60a7.dir/CMakeCXXCompilerABI.cpp.o -x c++ /usr/local/Cellar/cmake/3.15.5/share/cmake/Modules/CMakeCXXCompilerABI.cpp]
  ignore line: [clang -cc1 version 11.0.0 (clang-1100.0.33.12) default target x86_64-apple-darwin19.0.0]
  ignore line: [ignoring nonexistent directory "/Library/Developer/CommandLineTools/SDKs/MacOSX10.15.sdk/usr/include/c++/v1"]
  ignore line: [ignoring nonexistent directory "/Library/Developer/CommandLineTools/SDKs/MacOSX10.15.sdk/usr/local/include"]
  ignore line: [ignoring nonexistent directory "/Library/Developer/CommandLineTools/SDKs/MacOSX10.15.sdk/Library/Frameworks"]
  ignore line: [#include "..." search starts here:]
  ignore line: [#include <...> search starts here:]
  ignore line: [ /Library/Developer/CommandLineTools/usr/bin/../include/c++/v1]
  ignore line: [ /Library/Developer/CommandLineTools/usr/lib/clang/11.0.0/include]
  ignore line: [ /Library/Developer/CommandLineTools/usr/include]
  ignore line: [ /Library/Developer/CommandLineTools/SDKs/MacOSX10.15.sdk/usr/include]
  ignore line: [ /Library/Developer/CommandLineTools/SDKs/MacOSX10.15.sdk/System/Library/Frameworks (framework directory)]
  ignore line: [End of search list.]
  ignore line: [Linking CXX executable cmTC_d60a7]
  ignore line: [/usr/local/Cellar/cmake/3.15.5/bin/cmake -E cmake_link_script CMakeFiles/cmTC_d60a7.dir/link.txt --verbose=1]
  ignore line: [/Library/Developer/CommandLineTools/usr/bin/c++    -isysroot /Library/Developer/CommandLineTools/SDKs/MacOSX10.15.sdk -Wl,-search_paths_first -Wl,-headerpad_max_install_names  -v -Wl,-v CMakeFiles/cmTC_d60a7.dir/CMakeCXXCompilerABI.cpp.o  -o cmTC_d60a7 ]
  ignore line: [Apple clang version 11.0.0 (clang-1100.0.33.12)]
  ignore line: [Target: x86_64-apple-darwin19.0.0]
  ignore line: [Thread model: posix]
  ignore line: [InstalledDir: /Library/Developer/CommandLineTools/usr/bin]
  link line: [ "/Library/Developer/CommandLineTools/usr/bin/ld" -demangle -lto_library /Library/Developer/CommandLineTools/usr/lib/libLTO.dylib -dynamic -arch x86_64 -macosx_version_min 10.15.0 -syslibroot /Library/Developer/CommandLineTools/SDKs/MacOSX10.15.sdk -o cmTC_d60a7 -search_paths_first -headerpad_max_install_names -v CMakeFiles/cmTC_d60a7.dir/CMakeCXXCompilerABI.cpp.o -lc++ -lSystem /Library/Developer/CommandLineTools/usr/lib/clang/11.0.0/lib/darwin/libclang_rt.osx.a]
    arg [/Library/Developer/CommandLineTools/usr/bin/ld] ==> ignore
    arg [-demangle] ==> ignore
    arg [-lto_library] ==> ignore, skip following value
    arg [/Library/Developer/CommandLineTools/usr/lib/libLTO.dylib] ==> skip value of -lto_library
    arg [-dynamic] ==> ignore
    arg [-arch] ==> ignore
    arg [x86_64] ==> ignore
    arg [-macosx_version_min] ==> ignore
    arg [10.15.0] ==> ignore
    arg [-syslibroot] ==> ignore
    arg [/Library/Developer/CommandLineTools/SDKs/MacOSX10.15.sdk] ==> ignore
    arg [-o] ==> ignore
    arg [cmTC_d60a7] ==> ignore
    arg [-search_paths_first] ==> ignore
    arg [-headerpad_max_install_names] ==> ignore
    arg [-v] ==> ignore
    arg [CMakeFiles/cmTC_d60a7.dir/CMakeCXXCompilerABI.cpp.o] ==> ignore
    arg [-lc++] ==> lib [c++]
    arg [-lSystem] ==> lib [System]
    arg [/Library/Developer/CommandLineTools/usr/lib/clang/11.0.0/lib/darwin/libclang_rt.osx.a] ==> lib [/Library/Developer/CommandLineTools/usr/lib/clang/11.0.0/lib/darwin/libclang_rt.osx.a]
  Library search paths: [;/Library/Developer/CommandLineTools/SDKs/MacOSX10.15.sdk/usr/lib]
  Framework search paths: [;/Library/Developer/CommandLineTools/SDKs/MacOSX10.15.sdk/System/Library/Frameworks/]
  remove lib [System]
  remove lib [/Library/Developer/CommandLineTools/usr/lib/clang/11.0.0/lib/darwin/libclang_rt.osx.a]
  collapse library dir [/Library/Developer/CommandLineTools/SDKs/MacOSX10.15.sdk/usr/lib] ==> [/Library/Developer/CommandLineTools/SDKs/MacOSX10.15.sdk/usr/lib]
  collapse framework dir [/Library/Developer/CommandLineTools/SDKs/MacOSX10.15.sdk/System/Library/Frameworks/] ==> [/Library/Developer/CommandLineTools/SDKs/MacOSX10.15.sdk/System/Library/Frameworks]
  implicit libs: [c++]
  implicit dirs: [/Library/Developer/CommandLineTools/SDKs/MacOSX10.15.sdk/usr/lib]
  implicit fwks: [/Library/Developer/CommandLineTools/SDKs/MacOSX10.15.sdk/System/Library/Frameworks]


Checking whether the ASM compiler is Clang using "--version" matched "(clang version)":
Apple clang version 11.0.0 (clang-1100.0.33.12)
Target: x86_64-apple-darwin19.0.0
Thread model: posix
InstalledDir: /Library/Developer/CommandLineTools/usr/bin
Determining if the function memset_s exists in the c passed with the following output:
Change Dir: /Users/hahyunsoo/Github/Anonymityvoting/build/Darwin/master/debug/CMakeFiles/CMakeTmp

Run Build Command(s):/usr/bin/make cmTC_6c229/fast && /Library/Developer/CommandLineTools/usr/bin/make -f CMakeFiles/cmTC_6c229.dir/build.make CMakeFiles/cmTC_6c229.dir/build
Building C object CMakeFiles/cmTC_6c229.dir/CheckFunctionExists.c.o
/Library/Developer/CommandLineTools/usr/bin/cc   -DCHECK_FUNCTION_EXISTS=memset_s -isysroot /Library/Developer/CommandLineTools/SDKs/MacOSX10.15.sdk   -o CMakeFiles/cmTC_6c229.dir/CheckFunctionExists.c.o   -c /usr/local/Cellar/cmake/3.15.5/share/cmake/Modules/CheckFunctionExists.c
Linking C executable cmTC_6c229
/usr/local/Cellar/cmake/3.15.5/bin/cmake -E cmake_link_script CMakeFiles/cmTC_6c229.dir/link.txt --verbose=1
/Library/Developer/CommandLineTools/usr/bin/cc  -DCHECK_FUNCTION_EXISTS=memset_s -isysroot /Library/Developer/CommandLineTools/SDKs/MacOSX10.15.sdk -Wl,-search_paths_first -Wl,-headerpad_max_install_names   CMakeFiles/cmTC_6c229.dir/CheckFunctionExists.c.o  -o cmTC_6c229  -L/Users/hahyunsoo/Github/Anonymityvoting/build/Darwin/master/debug/CMakeFiles/CMakeTmp/string.h -Wl,-rpath,/Users/hahyunsoo/Github/Anonymityvoting/build/Darwin/master/debug/CMakeFiles/CMakeTmp/string.h -lc 
ld: warning: directory not found for option '-L/Users/hahyunsoo/Github/Anonymityvoting/build/Darwin/master/debug/CMakeFiles/CMakeTmp/string.h'



Determining if the function strptime exists passed with the following output:
Change Dir: /Users/hahyunsoo/Github/Anonymityvoting/build/Darwin/master/debug/CMakeFiles/CMakeTmp

Run Build Command(s):/usr/bin/make cmTC_4f9c4/fast && /Library/Developer/CommandLineTools/usr/bin/make -f CMakeFiles/cmTC_4f9c4.dir/build.make CMakeFiles/cmTC_4f9c4.dir/build
Building C object CMakeFiles/cmTC_4f9c4.dir/CheckFunctionExists.c.o
/Library/Developer/CommandLineTools/usr/bin/cc   -DCHECK_FUNCTION_EXISTS=strptime -isysroot /Library/Developer/CommandLineTools/SDKs/MacOSX10.15.sdk   -o CMakeFiles/cmTC_4f9c4.dir/CheckFunctionExists.c.o   -c /usr/local/Cellar/cmake/3.15.5/share/cmake/Modules/CheckFunctionExists.c
Linking C executable cmTC_4f9c4
/usr/local/Cellar/cmake/3.15.5/bin/cmake -E cmake_link_script CMakeFiles/cmTC_4f9c4.dir/link.txt --verbose=1
/Library/Developer/CommandLineTools/usr/bin/cc  -DCHECK_FUNCTION_EXISTS=strptime -isysroot /Library/Developer/CommandLineTools/SDKs/MacOSX10.15.sdk -Wl,-search_paths_first -Wl,-headerpad_max_install_names   CMakeFiles/cmTC_4f9c4.dir/CheckFunctionExists.c.o  -o cmTC_4f9c4 



Determining if the include file pthread.h exists passed with the following output:
Change Dir: /Users/hahyunsoo/Github/Anonymityvoting/build/Darwin/master/debug/CMakeFiles/CMakeTmp

Run Build Command(s):/usr/bin/make cmTC_4d6b4/fast && /Library/Developer/CommandLineTools/usr/bin/make -f CMakeFiles/cmTC_4d6b4.dir/build.make CMakeFiles/cmTC_4d6b4.dir/build
Building C object CMakeFiles/cmTC_4d6b4.dir/CheckIncludeFile.c.o
/Library/Developer/CommandLineTools/usr/bin/cc   -isysroot /Library/Developer/CommandLineTools/SDKs/MacOSX10.15.sdk   -o CMakeFiles/cmTC_4d6b4.dir/CheckIncludeFile.c.o   -c /Users/hahyunsoo/Github/Anonymityvoting/build/Darwin/master/debug/CMakeFiles/CMakeTmp/CheckIncludeFile.c
Linking C executable cmTC_4d6b4
/usr/local/Cellar/cmake/3.15.5/bin/cmake -E cmake_link_script CMakeFiles/cmTC_4d6b4.dir/link.txt --verbose=1
/Library/Developer/CommandLineTools/usr/bin/cc   -isysroot /Library/Developer/CommandLineTools/SDKs/MacOSX10.15.sdk -Wl,-search_paths_first -Wl,-headerpad_max_install_names   CMakeFiles/cmTC_4d6b4.dir/CheckIncludeFile.c.o  -o cmTC_4d6b4 



Performing C SOURCE FILE Test CMAKE_HAVE_LIBC_PTHREAD succeeded with the following output:
Change Dir: /Users/hahyunsoo/Github/Anonymityvoting/build/Darwin/master/debug/CMakeFiles/CMakeTmp

Run Build Command(s):/usr/bin/make cmTC_209d7/fast && /Library/Developer/CommandLineTools/usr/bin/make -f CMakeFiles/cmTC_209d7.dir/build.make CMakeFiles/cmTC_209d7.dir/build
Building C object CMakeFiles/cmTC_209d7.dir/src.c.o
/Library/Developer/CommandLineTools/usr/bin/cc   -DCMAKE_HAVE_LIBC_PTHREAD -isysroot /Library/Developer/CommandLineTools/SDKs/MacOSX10.15.sdk   -o CMakeFiles/cmTC_209d7.dir/src.c.o   -c /Users/hahyunsoo/Github/Anonymityvoting/build/Darwin/master/debug/CMakeFiles/CMakeTmp/src.c
Linking C executable cmTC_209d7
/usr/local/Cellar/cmake/3.15.5/bin/cmake -E cmake_link_script CMakeFiles/cmTC_209d7.dir/link.txt --verbose=1
/Library/Developer/CommandLineTools/usr/bin/cc  -DCMAKE_HAVE_LIBC_PTHREAD -isysroot /Library/Developer/CommandLineTools/SDKs/MacOSX10.15.sdk -Wl,-search_paths_first -Wl,-headerpad_max_install_names   CMakeFiles/cmTC_209d7.dir/src.c.o  -o cmTC_209d7 


Source file was:
#include <pthread.h>

void* test_func(void* data)
{
  return data;
}

int main(void)
{
  pthread_t thread;
  pthread_create(&thread, NULL, test_func, NULL);
  pthread_detach(thread);
  pthread_join(thread, NULL);
  pthread_atfork(NULL, NULL, NULL);
  pthread_exit(NULL);

  return 0;
}

Determining if the backtrace exist passed with the following output:
Change Dir: /Users/hahyunsoo/Github/Anonymityvoting/build/Darwin/master/debug/CMakeFiles/CMakeTmp

Run Build Command(s):/usr/bin/make cmTC_4e860/fast && /Library/Developer/CommandLineTools/usr/bin/make -f CMakeFiles/cmTC_4e860.dir/build.make CMakeFiles/cmTC_4e860.dir/build
Building C object CMakeFiles/cmTC_4e860.dir/CheckSymbolExists.c.o
/Library/Developer/CommandLineTools/usr/bin/cc   -isysroot /Library/Developer/CommandLineTools/SDKs/MacOSX10.15.sdk   -o CMakeFiles/cmTC_4e860.dir/CheckSymbolExists.c.o   -c /Users/hahyunsoo/Github/Anonymityvoting/build/Darwin/master/debug/CMakeFiles/CMakeTmp/CheckSymbolExists.c
Linking C executable cmTC_4e860
/usr/local/Cellar/cmake/3.15.5/bin/cmake -E cmake_link_script CMakeFiles/cmTC_4e860.dir/link.txt --verbose=1
/Library/Developer/CommandLineTools/usr/bin/cc   -isysroot /Library/Developer/CommandLineTools/SDKs/MacOSX10.15.sdk -Wl,-search_paths_first -Wl,-headerpad_max_install_names   CMakeFiles/cmTC_4e860.dir/CheckSymbolExists.c.o  -o cmTC_4e860 


File /Users/hahyunsoo/Github/Anonymityvoting/build/Darwin/master/debug/CMakeFiles/CMakeTmp/CheckSymbolExists.c:
/* */
#include <execinfo.h>

int main(int argc, char** argv)
{
  (void)argv;
#ifndef backtrace
  return ((int*)(&backtrace))[argc];
#else
  (void)argc;
  return 0;
#endif
}

Performing C++ SOURCE FILE Test _maes_cxx succeeded with the following output:
Change Dir: /Users/hahyunsoo/Github/Anonymityvoting/build/Darwin/master/debug/CMakeFiles/CMakeTmp

Run Build Command(s):/usr/bin/make cmTC_dd1de/fast && /Library/Developer/CommandLineTools/usr/bin/make -f CMakeFiles/cmTC_dd1de.dir/build.make CMakeFiles/cmTC_dd1de.dir/build
Building CXX object CMakeFiles/cmTC_dd1de.dir/src.cxx.o
/Library/Developer/CommandLineTools/usr/bin/c++    -march=x86-64 -fvisibility=default -std=c++11 -D_maes_cxx -isysroot /Library/Developer/CommandLineTools/SDKs/MacOSX10.15.sdk   -maes -o CMakeFiles/cmTC_dd1de.dir/src.cxx.o -c /Users/hahyunsoo/Github/Anonymityvoting/build/Darwin/master/debug/CMakeFiles/CMakeTmp/src.cxx
Linking CXX executable cmTC_dd1de
/usr/local/Cellar/cmake/3.15.5/bin/cmake -E cmake_link_script CMakeFiles/cmTC_dd1de.dir/link.txt --verbose=1
/Library/Developer/CommandLineTools/usr/bin/c++   -march=x86-64 -fvisibility=default -std=c++11 -D_maes_cxx -isysroot /Library/Developer/CommandLineTools/SDKs/MacOSX10.15.sdk -Wl,-search_paths_first -Wl,-headerpad_max_install_names   CMakeFiles/cmTC_dd1de.dir/src.cxx.o  -o cmTC_dd1de 


Source file was:
int main() { return 0; }
Performing C SOURCE FILE Test _maes_c succeeded with the following output:
Change Dir: /Users/hahyunsoo/Github/Anonymityvoting/build/Darwin/master/debug/CMakeFiles/CMakeTmp

Run Build Command(s):/usr/bin/make cmTC_d0523/fast && /Library/Developer/CommandLineTools/usr/bin/make -f CMakeFiles/cmTC_d0523.dir/build.make CMakeFiles/cmTC_d0523.dir/build
Building C object CMakeFiles/cmTC_d0523.dir/src.c.o
/Library/Developer/CommandLineTools/usr/bin/cc   -D_maes_c -isysroot /Library/Developer/CommandLineTools/SDKs/MacOSX10.15.sdk   -maes -o CMakeFiles/cmTC_d0523.dir/src.c.o   -c /Users/hahyunsoo/Github/Anonymityvoting/build/Darwin/master/debug/CMakeFiles/CMakeTmp/src.c
Linking C executable cmTC_d0523
/usr/local/Cellar/cmake/3.15.5/bin/cmake -E cmake_link_script CMakeFiles/cmTC_d0523.dir/link.txt --verbose=1
/Library/Developer/CommandLineTools/usr/bin/cc  -D_maes_c -isysroot /Library/Developer/CommandLineTools/SDKs/MacOSX10.15.sdk -Wl,-search_paths_first -Wl,-headerpad_max_install_names   CMakeFiles/cmTC_d0523.dir/src.c.o  -o cmTC_d0523 


Source file was:
int main(void) { return 0; }
Performing C SOURCE FILE Test HAVE_SSSE3 succeeded with the following output:
Change Dir: /Users/hahyunsoo/Github/Anonymityvoting/build/Darwin/master/debug/CMakeFiles/CMakeTmp

Run Build Command(s):/usr/bin/make cmTC_f7d97/fast && /Library/Developer/CommandLineTools/usr/bin/make -f CMakeFiles/cmTC_f7d97.dir/build.make CMakeFiles/cmTC_f7d97.dir/build
Building C object CMakeFiles/cmTC_f7d97.dir/src.c.o
/Library/Developer/CommandLineTools/usr/bin/cc   -maes -DHAVE_SSSE3 -isysroot /Library/Developer/CommandLineTools/SDKs/MacOSX10.15.sdk   -mssse3 -o CMakeFiles/cmTC_f7d97.dir/src.c.o   -c /Users/hahyunsoo/Github/Anonymityvoting/build/Darwin/master/debug/CMakeFiles/CMakeTmp/src.c
Linking C executable cmTC_f7d97
/usr/local/Cellar/cmake/3.15.5/bin/cmake -E cmake_link_script CMakeFiles/cmTC_f7d97.dir/link.txt --verbose=1
/Library/Developer/CommandLineTools/usr/bin/cc  -maes -DHAVE_SSSE3 -isysroot /Library/Developer/CommandLineTools/SDKs/MacOSX10.15.sdk -Wl,-search_paths_first -Wl,-headerpad_max_install_names   CMakeFiles/cmTC_f7d97.dir/src.c.o  -o cmTC_f7d97 


Source file was:
int main(void) { return 0; }
Performing C SOURCE FILE Test HAVE_AVX2 succeeded with the following output:
Change Dir: /Users/hahyunsoo/Github/Anonymityvoting/build/Darwin/master/debug/CMakeFiles/CMakeTmp

Run Build Command(s):/usr/bin/make cmTC_44835/fast && /Library/Developer/CommandLineTools/usr/bin/make -f CMakeFiles/cmTC_44835.dir/build.make CMakeFiles/cmTC_44835.dir/build
Building C object CMakeFiles/cmTC_44835.dir/src.c.o
/Library/Developer/CommandLineTools/usr/bin/cc   -maes -DHAVE_AVX2 -isysroot /Library/Developer/CommandLineTools/SDKs/MacOSX10.15.sdk   -mavx2 -o CMakeFiles/cmTC_44835.dir/src.c.o   -c /Users/hahyunsoo/Github/Anonymityvoting/build/Darwin/master/debug/CMakeFiles/CMakeTmp/src.c
Linking C executable cmTC_44835
/usr/local/Cellar/cmake/3.15.5/bin/cmake -E cmake_link_script CMakeFiles/cmTC_44835.dir/link.txt --verbose=1
/Library/Developer/CommandLineTools/usr/bin/cc  -maes -DHAVE_AVX2 -isysroot /Library/Developer/CommandLineTools/SDKs/MacOSX10.15.sdk -Wl,-search_paths_first -Wl,-headerpad_max_install_names   CMakeFiles/cmTC_44835.dir/src.c.o  -o cmTC_44835 


Source file was:
int main(void) { return 0; }
Performing C++ SOURCE FILE Test HAVE_CXX_ATOMICS succeeded with the following output:
Change Dir: /Users/hahyunsoo/Github/Anonymityvoting/build/Darwin/master/debug/CMakeFiles/CMakeTmp

Run Build Command(s):/usr/bin/make cmTC_338e9/fast && /Library/Developer/CommandLineTools/usr/bin/make -f CMakeFiles/cmTC_338e9.dir/build.make CMakeFiles/cmTC_338e9.dir/build
Building CXX object CMakeFiles/cmTC_338e9.dir/src.cxx.o
/Library/Developer/CommandLineTools/usr/bin/c++    -march=x86-64 -fvisibility=default -std=c++11 -maes -DHAVE_CXX_ATOMICS -isysroot /Library/Developer/CommandLineTools/SDKs/MacOSX10.15.sdk   -o CMakeFiles/cmTC_338e9.dir/src.cxx.o -c /Users/hahyunsoo/Github/Anonymityvoting/build/Darwin/master/debug/CMakeFiles/CMakeTmp/src.cxx
Linking CXX executable cmTC_338e9
/usr/local/Cellar/cmake/3.15.5/bin/cmake -E cmake_link_script CMakeFiles/cmTC_338e9.dir/link.txt --verbose=1
/Library/Developer/CommandLineTools/usr/bin/c++   -march=x86-64 -fvisibility=default -std=c++11 -maes -DHAVE_CXX_ATOMICS -isysroot /Library/Developer/CommandLineTools/SDKs/MacOSX10.15.sdk -Wl,-search_paths_first -Wl,-headerpad_max_install_names   CMakeFiles/cmTC_338e9.dir/src.cxx.o  -o cmTC_338e9 


Source file was:

#include <cstdint>
#include <atomic>
int main() {
  std::atomic<uint64_t> a;
  a.is_lock_free();
}
Performing C SOURCE FILE Test CC_SUPPORTS_MARCH_NATIVE succeeded with the following output:
Change Dir: /Users/hahyunsoo/Github/Anonymityvoting/build/Darwin/master/debug/CMakeFiles/CMakeTmp

Run Build Command(s):/usr/bin/make cmTC_d58c9/fast && /Library/Developer/CommandLineTools/usr/bin/make -f CMakeFiles/cmTC_d58c9.dir/build.make CMakeFiles/cmTC_d58c9.dir/build
Building C object CMakeFiles/cmTC_d58c9.dir/src.c.o
/Library/Developer/CommandLineTools/usr/bin/cc   -DCC_SUPPORTS_MARCH_NATIVE -isysroot /Library/Developer/CommandLineTools/SDKs/MacOSX10.15.sdk   -march=native -o CMakeFiles/cmTC_d58c9.dir/src.c.o   -c /Users/hahyunsoo/Github/Anonymityvoting/build/Darwin/master/debug/CMakeFiles/CMakeTmp/src.c
Linking C executable cmTC_d58c9
/usr/local/Cellar/cmake/3.15.5/bin/cmake -E cmake_link_script CMakeFiles/cmTC_d58c9.dir/link.txt --verbose=1
/Library/Developer/CommandLineTools/usr/bin/cc  -DCC_SUPPORTS_MARCH_NATIVE -isysroot /Library/Developer/CommandLineTools/SDKs/MacOSX10.15.sdk -Wl,-search_paths_first -Wl,-headerpad_max_install_names   CMakeFiles/cmTC_d58c9.dir/src.c.o  -o cmTC_d58c9 


Source file was:
int main(void) { return 0; }
Performing C SOURCE FILE Test _Wformat_c succeeded with the following output:
Change Dir: /Users/hahyunsoo/Github/Anonymityvoting/build/Darwin/master/debug/CMakeFiles/CMakeTmp

Run Build Command(s):/usr/bin/make cmTC_d9684/fast && /Library/Developer/CommandLineTools/usr/bin/make -f CMakeFiles/cmTC_d9684.dir/build.make CMakeFiles/cmTC_d9684.dir/build
Building C object CMakeFiles/cmTC_d9684.dir/src.c.o
/Library/Developer/CommandLineTools/usr/bin/cc   -maes -march=native -fno-strict-aliasing -D_Wformat_c -isysroot /Library/Developer/CommandLineTools/SDKs/MacOSX10.15.sdk   -Wformat -o CMakeFiles/cmTC_d9684.dir/src.c.o   -c /Users/hahyunsoo/Github/Anonymityvoting/build/Darwin/master/debug/CMakeFiles/CMakeTmp/src.c
Linking C executable cmTC_d9684
/usr/local/Cellar/cmake/3.15.5/bin/cmake -E cmake_link_script CMakeFiles/cmTC_d9684.dir/link.txt --verbose=1
/Library/Developer/CommandLineTools/usr/bin/cc  -maes -march=native -fno-strict-aliasing -D_Wformat_c -isysroot /Library/Developer/CommandLineTools/SDKs/MacOSX10.15.sdk -Wl,-search_paths_first -Wl,-headerpad_max_install_names   CMakeFiles/cmTC_d9684.dir/src.c.o  -o cmTC_d9684 


Source file was:
int main(void) { return 0; }
Performing C++ SOURCE FILE Test _Wformat_cxx succeeded with the following output:
Change Dir: /Users/hahyunsoo/Github/Anonymityvoting/build/Darwin/master/debug/CMakeFiles/CMakeTmp

Run Build Command(s):/usr/bin/make cmTC_aa93f/fast && /Library/Developer/CommandLineTools/usr/bin/make -f CMakeFiles/cmTC_aa93f.dir/build.make CMakeFiles/cmTC_aa93f.dir/build
Building CXX object CMakeFiles/cmTC_aa93f.dir/src.cxx.o
/Library/Developer/CommandLineTools/usr/bin/c++    -march=x86-64 -fvisibility=default -std=c++11 -maes -march=native -fno-strict-aliasing -D_Wformat_cxx -isysroot /Library/Developer/CommandLineTools/SDKs/MacOSX10.15.sdk   -Wformat -o CMakeFiles/cmTC_aa93f.dir/src.cxx.o -c /Users/hahyunsoo/Github/Anonymityvoting/build/Darwin/master/debug/CMakeFiles/CMakeTmp/src.cxx
Linking CXX executable cmTC_aa93f
/usr/local/Cellar/cmake/3.15.5/bin/cmake -E cmake_link_script CMakeFiles/cmTC_aa93f.dir/link.txt --verbose=1
/Library/Developer/CommandLineTools/usr/bin/c++   -march=x86-64 -fvisibility=default -std=c++11 -maes -march=native -fno-strict-aliasing -D_Wformat_cxx -isysroot /Library/Developer/CommandLineTools/SDKs/MacOSX10.15.sdk -Wl,-search_paths_first -Wl,-headerpad_max_install_names   CMakeFiles/cmTC_aa93f.dir/src.cxx.o  -o cmTC_aa93f 


Source file was:
int main() { return 0; }
Performing C SOURCE FILE Test _Wformat_security_c succeeded with the following output:
Change Dir: /Users/hahyunsoo/Github/Anonymityvoting/build/Darwin/master/debug/CMakeFiles/CMakeTmp

Run Build Command(s):/usr/bin/make cmTC_0c82b/fast && /Library/Developer/CommandLineTools/usr/bin/make -f CMakeFiles/cmTC_0c82b.dir/build.make CMakeFiles/cmTC_0c82b.dir/build
Building C object CMakeFiles/cmTC_0c82b.dir/src.c.o
/Library/Developer/CommandLineTools/usr/bin/cc   -maes -march=native -fno-strict-aliasing -D_Wformat_security_c -isysroot /Library/Developer/CommandLineTools/SDKs/MacOSX10.15.sdk   -Wformat-security -o CMakeFiles/cmTC_0c82b.dir/src.c.o   -c /Users/hahyunsoo/Github/Anonymityvoting/build/Darwin/master/debug/CMakeFiles/CMakeTmp/src.c
Linking C executable cmTC_0c82b
/usr/local/Cellar/cmake/3.15.5/bin/cmake -E cmake_link_script CMakeFiles/cmTC_0c82b.dir/link.txt --verbose=1
/Library/Developer/CommandLineTools/usr/bin/cc  -maes -march=native -fno-strict-aliasing -D_Wformat_security_c -isysroot /Library/Developer/CommandLineTools/SDKs/MacOSX10.15.sdk -Wl,-search_paths_first -Wl,-headerpad_max_install_names   CMakeFiles/cmTC_0c82b.dir/src.c.o  -o cmTC_0c82b 


Source file was:
int main(void) { return 0; }
Performing C++ SOURCE FILE Test _Wformat_security_cxx succeeded with the following output:
Change Dir: /Users/hahyunsoo/Github/Anonymityvoting/build/Darwin/master/debug/CMakeFiles/CMakeTmp

Run Build Command(s):/usr/bin/make cmTC_b0e79/fast && /Library/Developer/CommandLineTools/usr/bin/make -f CMakeFiles/cmTC_b0e79.dir/build.make CMakeFiles/cmTC_b0e79.dir/build
Building CXX object CMakeFiles/cmTC_b0e79.dir/src.cxx.o
/Library/Developer/CommandLineTools/usr/bin/c++    -march=x86-64 -fvisibility=default -std=c++11 -maes -march=native -fno-strict-aliasing -D_Wformat_security_cxx -isysroot /Library/Developer/CommandLineTools/SDKs/MacOSX10.15.sdk   -Wformat-security -o CMakeFiles/cmTC_b0e79.dir/src.cxx.o -c /Users/hahyunsoo/Github/Anonymityvoting/build/Darwin/master/debug/CMakeFiles/CMakeTmp/src.cxx
Linking CXX executable cmTC_b0e79
/usr/local/Cellar/cmake/3.15.5/bin/cmake -E cmake_link_script CMakeFiles/cmTC_b0e79.dir/link.txt --verbose=1
/Library/Developer/CommandLineTools/usr/bin/c++   -march=x86-64 -fvisibility=default -std=c++11 -maes -march=native -fno-strict-aliasing -D_Wformat_security_cxx -isysroot /Library/Developer/CommandLineTools/SDKs/MacOSX10.15.sdk -Wl,-search_paths_first -Wl,-headerpad_max_install_names   CMakeFiles/cmTC_b0e79.dir/src.cxx.o  -o cmTC_b0e79 


Source file was:
int main() { return 0; }
Performing C SOURCE FILE Test _fstack_protector_c succeeded with the following output:
Change Dir: /Users/hahyunsoo/Github/Anonymityvoting/build/Darwin/master/debug/CMakeFiles/CMakeTmp

Run Build Command(s):/usr/bin/make cmTC_5f7da/fast && /Library/Developer/CommandLineTools/usr/bin/make -f CMakeFiles/cmTC_5f7da.dir/build.make CMakeFiles/cmTC_5f7da.dir/build
Building C object CMakeFiles/cmTC_5f7da.dir/src.c.o
/Library/Developer/CommandLineTools/usr/bin/cc   -maes -march=native -fno-strict-aliasing -D_fstack_protector_c -isysroot /Library/Developer/CommandLineTools/SDKs/MacOSX10.15.sdk   -fstack-protector -o CMakeFiles/cmTC_5f7da.dir/src.c.o   -c /Users/hahyunsoo/Github/Anonymityvoting/build/Darwin/master/debug/CMakeFiles/CMakeTmp/src.c
Linking C executable cmTC_5f7da
/usr/local/Cellar/cmake/3.15.5/bin/cmake -E cmake_link_script CMakeFiles/cmTC_5f7da.dir/link.txt --verbose=1
/Library/Developer/CommandLineTools/usr/bin/cc  -maes -march=native -fno-strict-aliasing -D_fstack_protector_c -isysroot /Library/Developer/CommandLineTools/SDKs/MacOSX10.15.sdk -Wl,-search_paths_first -Wl,-headerpad_max_install_names   CMakeFiles/cmTC_5f7da.dir/src.c.o  -o cmTC_5f7da 


Source file was:
int main(void) { return 0; }
Performing C++ SOURCE FILE Test _fstack_protector_cxx succeeded with the following output:
Change Dir: /Users/hahyunsoo/Github/Anonymityvoting/build/Darwin/master/debug/CMakeFiles/CMakeTmp

Run Build Command(s):/usr/bin/make cmTC_7b538/fast && /Library/Developer/CommandLineTools/usr/bin/make -f CMakeFiles/cmTC_7b538.dir/build.make CMakeFiles/cmTC_7b538.dir/build
Building CXX object CMakeFiles/cmTC_7b538.dir/src.cxx.o
/Library/Developer/CommandLineTools/usr/bin/c++    -march=x86-64 -fvisibility=default -std=c++11 -maes -march=native -fno-strict-aliasing -D_fstack_protector_cxx -isysroot /Library/Developer/CommandLineTools/SDKs/MacOSX10.15.sdk   -fstack-protector -o CMakeFiles/cmTC_7b538.dir/src.cxx.o -c /Users/hahyunsoo/Github/Anonymityvoting/build/Darwin/master/debug/CMakeFiles/CMakeTmp/src.cxx
Linking CXX executable cmTC_7b538
/usr/local/Cellar/cmake/3.15.5/bin/cmake -E cmake_link_script CMakeFiles/cmTC_7b538.dir/link.txt --verbose=1
/Library/Developer/CommandLineTools/usr/bin/c++   -march=x86-64 -fvisibility=default -std=c++11 -maes -march=native -fno-strict-aliasing -D_fstack_protector_cxx -isysroot /Library/Developer/CommandLineTools/SDKs/MacOSX10.15.sdk -Wl,-search_paths_first -Wl,-headerpad_max_install_names   CMakeFiles/cmTC_7b538.dir/src.cxx.o  -o cmTC_7b538 


Source file was:
int main() { return 0; }
Performing C SOURCE FILE Test _fstack_protector_strong_c succeeded with the following output:
Change Dir: /Users/hahyunsoo/Github/Anonymityvoting/build/Darwin/master/debug/CMakeFiles/CMakeTmp

Run Build Command(s):/usr/bin/make cmTC_2a302/fast && /Library/Developer/CommandLineTools/usr/bin/make -f CMakeFiles/cmTC_2a302.dir/build.make CMakeFiles/cmTC_2a302.dir/build
Building C object CMakeFiles/cmTC_2a302.dir/src.c.o
/Library/Developer/CommandLineTools/usr/bin/cc   -maes -march=native -fno-strict-aliasing -D_fstack_protector_strong_c -isysroot /Library/Developer/CommandLineTools/SDKs/MacOSX10.15.sdk   -fstack-protector-strong -o CMakeFiles/cmTC_2a302.dir/src.c.o   -c /Users/hahyunsoo/Github/Anonymityvoting/build/Darwin/master/debug/CMakeFiles/CMakeTmp/src.c
Linking C executable cmTC_2a302
/usr/local/Cellar/cmake/3.15.5/bin/cmake -E cmake_link_script CMakeFiles/cmTC_2a302.dir/link.txt --verbose=1
/Library/Developer/CommandLineTools/usr/bin/cc  -maes -march=native -fno-strict-aliasing -D_fstack_protector_strong_c -isysroot /Library/Developer/CommandLineTools/SDKs/MacOSX10.15.sdk -Wl,-search_paths_first -Wl,-headerpad_max_install_names   CMakeFiles/cmTC_2a302.dir/src.c.o  -o cmTC_2a302 


Source file was:
int main(void) { return 0; }
Performing C++ SOURCE FILE Test _fstack_protector_strong_cxx succeeded with the following output:
Change Dir: /Users/hahyunsoo/Github/Anonymityvoting/build/Darwin/master/debug/CMakeFiles/CMakeTmp

Run Build Command(s):/usr/bin/make cmTC_f6fe3/fast && /Library/Developer/CommandLineTools/usr/bin/make -f CMakeFiles/cmTC_f6fe3.dir/build.make CMakeFiles/cmTC_f6fe3.dir/build
Building CXX object CMakeFiles/cmTC_f6fe3.dir/src.cxx.o
/Library/Developer/CommandLineTools/usr/bin/c++    -march=x86-64 -fvisibility=default -std=c++11 -maes -march=native -fno-strict-aliasing -D_fstack_protector_strong_cxx -isysroot /Library/Developer/CommandLineTools/SDKs/MacOSX10.15.sdk   -fstack-protector-strong -o CMakeFiles/cmTC_f6fe3.dir/src.cxx.o -c /Users/hahyunsoo/Github/Anonymityvoting/build/Darwin/master/debug/CMakeFiles/CMakeTmp/src.cxx
Linking CXX executable cmTC_f6fe3
/usr/local/Cellar/cmake/3.15.5/bin/cmake -E cmake_link_script CMakeFiles/cmTC_f6fe3.dir/link.txt --verbose=1
/Library/Developer/CommandLineTools/usr/bin/c++   -march=x86-64 -fvisibility=default -std=c++11 -maes -march=native -fno-strict-aliasing -D_fstack_protector_strong_cxx -isysroot /Library/Developer/CommandLineTools/SDKs/MacOSX10.15.sdk -Wl,-search_paths_first -Wl,-headerpad_max_install_names   CMakeFiles/cmTC_f6fe3.dir/src.cxx.o  -o cmTC_f6fe3 


Source file was:
int main() { return 0; }
Performing C SOURCE FILE Test _fcf_protection=full_c succeeded with the following output:
Change Dir: /Users/hahyunsoo/Github/Anonymityvoting/build/Darwin/master/debug/CMakeFiles/CMakeTmp

Run Build Command(s):/usr/bin/make cmTC_0e243/fast && /Library/Developer/CommandLineTools/usr/bin/make -f CMakeFiles/cmTC_0e243.dir/build.make CMakeFiles/cmTC_0e243.dir/build
Building C object CMakeFiles/cmTC_0e243.dir/src.c.o
/Library/Developer/CommandLineTools/usr/bin/cc   -maes -march=native -fno-strict-aliasing -D_fcf_protection=full_c -isysroot /Library/Developer/CommandLineTools/SDKs/MacOSX10.15.sdk   -fcf-protection=full -o CMakeFiles/cmTC_0e243.dir/src.c.o   -c /Users/hahyunsoo/Github/Anonymityvoting/build/Darwin/master/debug/CMakeFiles/CMakeTmp/src.c
Linking C executable cmTC_0e243
/usr/local/Cellar/cmake/3.15.5/bin/cmake -E cmake_link_script CMakeFiles/cmTC_0e243.dir/link.txt --verbose=1
/Library/Developer/CommandLineTools/usr/bin/cc  -maes -march=native -fno-strict-aliasing -D_fcf_protection=full_c -isysroot /Library/Developer/CommandLineTools/SDKs/MacOSX10.15.sdk -Wl,-search_paths_first -Wl,-headerpad_max_install_names   CMakeFiles/cmTC_0e243.dir/src.c.o  -o cmTC_0e243 


Source file was:
int main(void) { return 0; }
Performing C++ SOURCE FILE Test _fcf_protection=full_cxx succeeded with the following output:
Change Dir: /Users/hahyunsoo/Github/Anonymityvoting/build/Darwin/master/debug/CMakeFiles/CMakeTmp

Run Build Command(s):/usr/bin/make cmTC_399ff/fast && /Library/Developer/CommandLineTools/usr/bin/make -f CMakeFiles/cmTC_399ff.dir/build.make CMakeFiles/cmTC_399ff.dir/build
Building CXX object CMakeFiles/cmTC_399ff.dir/src.cxx.o
/Library/Developer/CommandLineTools/usr/bin/c++    -march=x86-64 -fvisibility=default -std=c++11 -maes -march=native -fno-strict-aliasing -D_fcf_protection=full_cxx -isysroot /Library/Developer/CommandLineTools/SDKs/MacOSX10.15.sdk   -fcf-protection=full -o CMakeFiles/cmTC_399ff.dir/src.cxx.o -c /Users/hahyunsoo/Github/Anonymityvoting/build/Darwin/master/debug/CMakeFiles/CMakeTmp/src.cxx
Linking CXX executable cmTC_399ff
/usr/local/Cellar/cmake/3.15.5/bin/cmake -E cmake_link_script CMakeFiles/cmTC_399ff.dir/link.txt --verbose=1
/Library/Developer/CommandLineTools/usr/bin/c++   -march=x86-64 -fvisibility=default -std=c++11 -maes -march=native -fno-strict-aliasing -D_fcf_protection=full_cxx -isysroot /Library/Developer/CommandLineTools/SDKs/MacOSX10.15.sdk -Wl,-search_paths_first -Wl,-headerpad_max_install_names   CMakeFiles/cmTC_399ff.dir/src.cxx.o  -o cmTC_399ff 


Source file was:
int main() { return 0; }
Determining if the -pie linker flag is supported passed with the following output:
Change Dir: /Users/hahyunsoo/Github/Anonymityvoting/build/Darwin/master/debug/CMakeFiles/CMakeTmp

Run Build Command(s):/usr/bin/make cmTC_f4f34/fast && /Library/Developer/CommandLineTools/usr/bin/make -f CMakeFiles/cmTC_f4f34.dir/build.make CMakeFiles/cmTC_f4f34.dir/build
Building C object CMakeFiles/cmTC_f4f34.dir/CheckLinkerFlag.c.o
/Library/Developer/CommandLineTools/usr/bin/cc   -pie  -isysroot /Library/Developer/CommandLineTools/SDKs/MacOSX10.15.sdk   -pie -o CMakeFiles/cmTC_f4f34.dir/CheckLinkerFlag.c.o   -c /Users/hahyunsoo/Github/Anonymityvoting/cmake/CheckLinkerFlag.c
clang: warning: argument unused during compilation: '-pie' [-Wunused-command-line-argument]
clang: warning: argument unused during compilation: '-pie' [-Wunused-command-line-argument]
Linking C executable cmTC_f4f34
/usr/local/Cellar/cmake/3.15.5/bin/cmake -E cmake_link_script CMakeFiles/cmTC_f4f34.dir/link.txt --verbose=1
/Library/Developer/CommandLineTools/usr/bin/cc -pie  -isysroot /Library/Developer/CommandLineTools/SDKs/MacOSX10.15.sdk -Wl,-search_paths_first -Wl,-headerpad_max_install_names   CMakeFiles/cmTC_f4f34.dir/CheckLinkerFlag.c.o  -o cmTC_f4f34 
clang: warning: argument unused during compilation: '-pie' [-Wunused-command-line-argument]



Determining if the function rl_copy_text exists passed with the following output:
Change Dir: /Users/hahyunsoo/Github/Anonymityvoting/build/Darwin/master/debug/CMakeFiles/CMakeTmp

Run Build Command(s):/usr/bin/make cmTC_664d9/fast && /Library/Developer/CommandLineTools/usr/bin/make -f CMakeFiles/cmTC_664d9.dir/build.make CMakeFiles/cmTC_664d9.dir/build
Building C object CMakeFiles/cmTC_664d9.dir/CheckFunctionExists.c.o
/Library/Developer/CommandLineTools/usr/bin/cc  -I/usr/local/opt/readline/include  -maes -march=native -fno-strict-aliasing -std=c11 -D_GNU_SOURCE   -Wall -Wextra -Wpointer-arith -Wundef -Wvla -Wwrite-strings -Wno-error=extra -Wno-error=deprecated-declarations -Wno-unused-parameter -Wno-unused-variable -Wno-error=unused-variable -Wno-error=undef -Wno-error=uninitialized -Waggregate-return -Wnested-externs -Wold-style-definition -Wstrict-prototypes  -fPIC  -Wformat -Wformat-security -fstack-protector -fstack-protector-strong -fcf-protection=full -fno-strict-aliasing -DCHECK_FUNCTION_EXISTS=rl_copy_text -isysroot /Library/Developer/CommandLineTools/SDKs/MacOSX10.15.sdk   -o CMakeFiles/cmTC_664d9.dir/CheckFunctionExists.c.o   -c /usr/local/Cellar/cmake/3.15.5/share/cmake/Modules/CheckFunctionExists.c
Linking C executable cmTC_664d9
/usr/local/Cellar/cmake/3.15.5/bin/cmake -E cmake_link_script CMakeFiles/cmTC_664d9.dir/link.txt --verbose=1
/Library/Developer/CommandLineTools/usr/bin/cc  -maes -march=native -fno-strict-aliasing -std=c11 -D_GNU_SOURCE   -Wall -Wextra -Wpointer-arith -Wundef -Wvla -Wwrite-strings -Wno-error=extra -Wno-error=deprecated-declarations -Wno-unused-parameter -Wno-unused-variable -Wno-error=unused-variable -Wno-error=undef -Wno-error=uninitialized -Waggregate-return -Wnested-externs -Wold-style-definition -Wstrict-prototypes  -fPIC  -Wformat -Wformat-security -fstack-protector -fstack-protector-strong -fcf-protection=full -fno-strict-aliasing -DCHECK_FUNCTION_EXISTS=rl_copy_text -isysroot /Library/Developer/CommandLineTools/SDKs/MacOSX10.15.sdk -Wl,-search_paths_first -Wl,-headerpad_max_install_names   CMakeFiles/cmTC_664d9.dir/CheckFunctionExists.c.o  -o cmTC_664d9 /usr/local/opt/readline/lib/libreadline.dylib 



Determining if the function rl_filename_completion_function exists passed with the following output:
Change Dir: /Users/hahyunsoo/Github/Anonymityvoting/build/Darwin/master/debug/CMakeFiles/CMakeTmp

Run Build Command(s):/usr/bin/make cmTC_fdc60/fast && /Library/Developer/CommandLineTools/usr/bin/make -f CMakeFiles/cmTC_fdc60.dir/build.make CMakeFiles/cmTC_fdc60.dir/build
Building C object CMakeFiles/cmTC_fdc60.dir/CheckFunctionExists.c.o
/Library/Developer/CommandLineTools/usr/bin/cc  -I/usr/local/opt/readline/include  -maes -march=native -fno-strict-aliasing -std=c11 -D_GNU_SOURCE   -Wall -Wextra -Wpointer-arith -Wundef -Wvla -Wwrite-strings -Wno-error=extra -Wno-error=deprecated-declarations -Wno-unused-parameter -Wno-unused-variable -Wno-error=unused-variable -Wno-error=undef -Wno-error=uninitialized -Waggregate-return -Wnested-externs -Wold-style-definition -Wstrict-prototypes  -fPIC  -Wformat -Wformat-security -fstack-protector -fstack-protector-strong -fcf-protection=full -fno-strict-aliasing -DCHECK_FUNCTION_EXISTS=rl_filename_completion_function -isysroot /Library/Developer/CommandLineTools/SDKs/MacOSX10.15.sdk   -o CMakeFiles/cmTC_fdc60.dir/CheckFunctionExists.c.o   -c /usr/local/Cellar/cmake/3.15.5/share/cmake/Modules/CheckFunctionExists.c
Linking C executable cmTC_fdc60
/usr/local/Cellar/cmake/3.15.5/bin/cmake -E cmake_link_script CMakeFiles/cmTC_fdc60.dir/link.txt --verbose=1
/Library/Developer/CommandLineTools/usr/bin/cc  -maes -march=native -fno-strict-aliasing -std=c11 -D_GNU_SOURCE   -Wall -Wextra -Wpointer-arith -Wundef -Wvla -Wwrite-strings -Wno-error=extra -Wno-error=deprecated-declarations -Wno-unused-parameter -Wno-unused-variable -Wno-error=unused-variable -Wno-error=undef -Wno-error=uninitialized -Waggregate-return -Wnested-externs -Wold-style-definition -Wstrict-prototypes  -fPIC  -Wformat -Wformat-security -fstack-protector -fstack-protector-strong -fcf-protection=full -fno-strict-aliasing -DCHECK_FUNCTION_EXISTS=rl_filename_completion_function -isysroot /Library/Developer/CommandLineTools/SDKs/MacOSX10.15.sdk -Wl,-search_paths_first -Wl,-headerpad_max_install_names   CMakeFiles/cmTC_fdc60.dir/CheckFunctionExists.c.o  -o cmTC_fdc60 /usr/local/opt/readline/lib/libreadline.dylib 



Performing C SOURCE FILE Test HAVE_C11 succeeded with the following output:
Change Dir: /Users/hahyunsoo/Github/Anonymityvoting/build/Darwin/master/debug/CMakeFiles/CMakeTmp

Run Build Command(s):/usr/bin/make cmTC_575db/fast && /Library/Developer/CommandLineTools/usr/bin/make -f CMakeFiles/cmTC_575db.dir/build.make CMakeFiles/cmTC_575db.dir/build
Building C object CMakeFiles/cmTC_575db.dir/src.c.o
/Library/Developer/CommandLineTools/usr/bin/cc  -I/usr/local/opt/readline/include  -maes -march=native -fno-strict-aliasing -std=c11 -D_GNU_SOURCE   -Wall -Wextra -Wpointer-arith -Wundef -Wvla -Wwrite-strings -Wno-error=extra -Wno-error=deprecated-declarations -Wno-unused-parameter -Wno-unused-variable -Wno-error=unused-variable -Wno-error=undef -Wno-error=uninitialized -Waggregate-return -Wnested-externs -Wold-style-definition -Wstrict-prototypes  -fPIC  -Wformat -Wformat-security -fstack-protector -fstack-protector-strong -fcf-protection=full -fno-strict-aliasing -DHAVE_C11 -isysroot /Library/Developer/CommandLineTools/SDKs/MacOSX10.15.sdk   -std=c11 -o CMakeFiles/cmTC_575db.dir/src.c.o   -c /Users/hahyunsoo/Github/Anonymityvoting/build/Darwin/master/debug/CMakeFiles/CMakeTmp/src.c
Linking C executable cmTC_575db
/usr/local/Cellar/cmake/3.15.5/bin/cmake -E cmake_link_script CMakeFiles/cmTC_575db.dir/link.txt --verbose=1
/Library/Developer/CommandLineTools/usr/bin/cc  -maes -march=native -fno-strict-aliasing -std=c11 -D_GNU_SOURCE   -Wall -Wextra -Wpointer-arith -Wundef -Wvla -Wwrite-strings -Wno-error=extra -Wno-error=deprecated-declarations -Wno-unused-parameter -Wno-unused-variable -Wno-error=unused-variable -Wno-error=undef -Wno-error=uninitialized -Waggregate-return -Wnested-externs -Wold-style-definition -Wstrict-prototypes  -fPIC  -Wformat -Wformat-security -fstack-protector -fstack-protector-strong -fcf-protection=full -fno-strict-aliasing -DHAVE_C11 -isysroot /Library/Developer/CommandLineTools/SDKs/MacOSX10.15.sdk -Wl,-search_paths_first -Wl,-headerpad_max_install_names   CMakeFiles/cmTC_575db.dir/src.c.o  -o cmTC_575db /usr/local/opt/readline/lib/libreadline.dylib 


Source file was:
int main(void) { return 0; }
