The system is: Darwin - 19.0.0 - x86_64
Compiling the C compiler identification source file "CMakeCCompilerId.c" succeeded.
Compiler: /Library/Developer/CommandLineTools/usr/bin/cc 
Build flags: 
Id flags:  

The output was:
0


Compilation of the C compiler identification source "CMakeCCompilerId.c" produced "a.out"

The C compiler identification is AppleClang, found in "/Users/hahyunsoo/Github/Anonymityvoting/build/Darwin/master/release/CMakeFiles/3.15.5/CompilerIdC/a.out"

Compiling the CXX compiler identification source file "CMakeCXXCompilerId.cpp" succeeded.
Compiler: /Library/Developer/CommandLineTools/usr/bin/c++ 
Build flags: 
Id flags:  

The output was:
0


Compilation of the CXX compiler identification source "CMakeCXXCompilerId.cpp" produced "a.out"

The CXX compiler identification is AppleClang, found in "/Users/hahyunsoo/Github/Anonymityvoting/build/Darwin/master/release/CMakeFiles/3.15.5/CompilerIdCXX/a.out"

Determining if the C compiler works passed with the following output:
Change Dir: /Users/hahyunsoo/Github/Anonymityvoting/build/Darwin/master/release/CMakeFiles/CMakeTmp

Run Build Command(s):/usr/bin/make cmTC_21d55/fast && /Library/Developer/CommandLineTools/usr/bin/make -f CMakeFiles/cmTC_21d55.dir/build.make CMakeFiles/cmTC_21d55.dir/build
Building C object CMakeFiles/cmTC_21d55.dir/testCCompiler.c.o
/Library/Developer/CommandLineTools/usr/bin/cc   -isysroot /Library/Developer/CommandLineTools/SDKs/MacOSX10.15.sdk   -o CMakeFiles/cmTC_21d55.dir/testCCompiler.c.o   -c /Users/hahyunsoo/Github/Anonymityvoting/build/Darwin/master/release/CMakeFiles/CMakeTmp/testCCompiler.c
Linking C executable cmTC_21d55
/usr/local/Cellar/cmake/3.15.5/bin/cmake -E cmake_link_script CMakeFiles/cmTC_21d55.dir/link.txt --verbose=1
/Library/Developer/CommandLineTools/usr/bin/cc   -isysroot /Library/Developer/CommandLineTools/SDKs/MacOSX10.15.sdk -Wl,-search_paths_first -Wl,-headerpad_max_install_names   CMakeFiles/cmTC_21d55.dir/testCCompiler.c.o  -o cmTC_21d55 



Detecting C compiler ABI info compiled with the following output:
Change Dir: /Users/hahyunsoo/Github/Anonymityvoting/build/Darwin/master/release/CMakeFiles/CMakeTmp

Run Build Command(s):/usr/bin/make cmTC_1d4f2/fast && /Library/Developer/CommandLineTools/usr/bin/make -f CMakeFiles/cmTC_1d4f2.dir/build.make CMakeFiles/cmTC_1d4f2.dir/build
Building C object CMakeFiles/cmTC_1d4f2.dir/CMakeCCompilerABI.c.o
/Library/Developer/CommandLineTools/usr/bin/cc   -isysroot /Library/Developer/CommandLineTools/SDKs/MacOSX10.15.sdk   -v -Wl,-v -o CMakeFiles/cmTC_1d4f2.dir/CMakeCCompilerABI.c.o   -c /usr/local/Cellar/cmake/3.15.5/share/cmake/Modules/CMakeCCompilerABI.c
Apple clang version 11.0.0 (clang-1100.0.33.12)
Target: x86_64-apple-darwin19.0.0
Thread model: posix
InstalledDir: /Library/Developer/CommandLineTools/usr/bin
clang: warning: -Wl,-v: 'linker' input unused [-Wunused-command-line-argument]
 "/Library/Developer/CommandLineTools/usr/bin/clang" -cc1 -triple x86_64-apple-macosx10.15.0 -Wdeprecated-objc-isa-usage -Werror=deprecated-objc-isa-usage -emit-obj -mrelax-all -disable-free -disable-llvm-verifier -discard-value-names -main-file-name CMakeCCompilerABI.c -mrelocation-model pic -pic-level 2 -mthread-model posix -mdisable-fp-elim -fno-strict-return -masm-verbose -munwind-tables -target-sdk-version=10.15 -target-cpu penryn -dwarf-column-info -debugger-tuning=lldb -ggnu-pubnames -target-linker-version 520 -v -coverage-notes-file /Users/hahyunsoo/Github/Anonymityvoting/build/Darwin/master/release/CMakeFiles/CMakeTmp/CMakeFiles/cmTC_1d4f2.dir/CMakeCCompilerABI.c.gcno -resource-dir /Library/Developer/CommandLineTools/usr/lib/clang/11.0.0 -isysroot /Library/Developer/CommandLineTools/SDKs/MacOSX10.15.sdk -Wno-framework-include-private-from-public -Wno-atimport-in-framework-header -Wno-extra-semi-stmt -Wno-quoted-include-in-framework-header -fdebug-compilation-dir /Users/hahyunsoo/Github/Anonymityvoting/build/Darwin/master/release/CMakeFiles/CMakeTmp -ferror-limit 19 -fmessage-length 0 -stack-protector 1 -fstack-check -mdarwin-stkchk-strong-link -fblocks -fencode-extended-block-signature -fregister-global-dtors-with-atexit -fobjc-runtime=macosx-10.15.0 -fmax-type-align=16 -fdiagnostics-show-option -o CMakeFiles/cmTC_1d4f2.dir/CMakeCCompilerABI.c.o -x c /usr/local/Cellar/cmake/3.15.5/share/cmake/Modules/CMakeCCompilerABI.c
clang -cc1 version 11.0.0 (clang-1100.0.33.12) default target x86_64-apple-darwin19.0.0
ignoring nonexistent directory "/Library/Developer/CommandLineTools/SDKs/MacOSX10.15.sdk/usr/local/include"
ignoring nonexistent directory "/Library/Developer/CommandLineTools/SDKs/MacOSX10.15.sdk/Library/Frameworks"
#include "..." search starts here:
#include <...> search starts here:
 /Library/Developer/CommandLineTools/usr/lib/clang/11.0.0/include
 /Library/Developer/CommandLineTools/usr/include
 /Library/Developer/CommandLineTools/SDKs/MacOSX10.15.sdk/usr/include
 /Library/Developer/CommandLineTools/SDKs/MacOSX10.15.sdk/System/Library/Frameworks (framework directory)
End of search list.
Linking C executable cmTC_1d4f2
/usr/local/Cellar/cmake/3.15.5/bin/cmake -E cmake_link_script CMakeFiles/cmTC_1d4f2.dir/link.txt --verbose=1
/Library/Developer/CommandLineTools/usr/bin/cc   -isysroot /Library/Developer/CommandLineTools/SDKs/MacOSX10.15.sdk -Wl,-search_paths_first -Wl,-headerpad_max_install_names  -v -Wl,-v CMakeFiles/cmTC_1d4f2.dir/CMakeCCompilerABI.c.o  -o cmTC_1d4f2 
Apple clang version 11.0.0 (clang-1100.0.33.12)
Target: x86_64-apple-darwin19.0.0
Thread model: posix
InstalledDir: /Library/Developer/CommandLineTools/usr/bin
 "/Library/Developer/CommandLineTools/usr/bin/ld" -demangle -lto_library /Library/Developer/CommandLineTools/usr/lib/libLTO.dylib -dynamic -arch x86_64 -macosx_version_min 10.15.0 -syslibroot /Library/Developer/CommandLineTools/SDKs/MacOSX10.15.sdk -o cmTC_1d4f2 -search_paths_first -headerpad_max_install_names -v CMakeFiles/cmTC_1d4f2.dir/CMakeCCompilerABI.c.o -lSystem /Library/Developer/CommandLineTools/usr/lib/clang/11.0.0/lib/darwin/libclang_rt.osx.a
@(#)PROGRAM:ld  PROJECT:ld64-520
BUILD 18:38:01 Oct 11 2019
configured to support archs: armv6 armv7 armv7s arm64 arm64e arm64_32 i386 x86_64 x86_64h armv6m armv7k armv7m armv7em
Library search paths:
	/Library/Developer/CommandLineTools/SDKs/MacOSX10.15.sdk/usr/lib
Framework search paths:
	/Library/Developer/CommandLineTools/SDKs/MacOSX10.15.sdk/System/Library/Frameworks/



Parsed C implicit include dir info from above output: rv=done
  found start of include info
  found start of implicit include info
    add: [/Library/Developer/CommandLineTools/usr/lib/clang/11.0.0/include]
    add: [/Library/Developer/CommandLineTools/usr/include]
    add: [/Library/Developer/CommandLineTools/SDKs/MacOSX10.15.sdk/usr/include]
  end of search list found
  collapse include dir [/Library/Developer/CommandLineTools/usr/lib/clang/11.0.0/include] ==> [/Library/Developer/CommandLineTools/usr/lib/clang/11.0.0/include]
  collapse include dir [/Library/Developer/CommandLineTools/usr/include] ==> [/Library/Developer/CommandLineTools/usr/include]
  collapse include dir [/Library/Developer/CommandLineTools/SDKs/MacOSX10.15.sdk/usr/include] ==> [/Library/Developer/CommandLineTools/SDKs/MacOSX10.15.sdk/usr/include]
  implicit include dirs: [/Library/Developer/CommandLineTools/usr/lib/clang/11.0.0/include;/Library/Developer/CommandLineTools/usr/include;/Library/Developer/CommandLineTools/SDKs/MacOSX10.15.sdk/usr/include]


Parsed C implicit link information from above output:
  link line regex: [^( *|.*[/\])(ld|CMAKE_LINK_STARTFILE-NOTFOUND|([^/\]+-)?ld|collect2)[^/\]*( |$)]
  ignore line: [Change Dir: /Users/hahyunsoo/Github/Anonymityvoting/build/Darwin/master/release/CMakeFiles/CMakeTmp]
  ignore line: []
  ignore line: [Run Build Command(s):/usr/bin/make cmTC_1d4f2/fast && /Library/Developer/CommandLineTools/usr/bin/make -f CMakeFiles/cmTC_1d4f2.dir/build.make CMakeFiles/cmTC_1d4f2.dir/build]
  ignore line: [Building C object CMakeFiles/cmTC_1d4f2.dir/CMakeCCompilerABI.c.o]
  ignore line: [/Library/Developer/CommandLineTools/usr/bin/cc   -isysroot /Library/Developer/CommandLineTools/SDKs/MacOSX10.15.sdk   -v -Wl,-v -o CMakeFiles/cmTC_1d4f2.dir/CMakeCCompilerABI.c.o   -c /usr/local/Cellar/cmake/3.15.5/share/cmake/Modules/CMakeCCompilerABI.c]
  ignore line: [Apple clang version 11.0.0 (clang-1100.0.33.12)]
  ignore line: [Target: x86_64-apple-darwin19.0.0]
  ignore line: [Thread model: posix]
  ignore line: [InstalledDir: /Library/Developer/CommandLineTools/usr/bin]
  ignore line: [clang: warning: -Wl,-v: 'linker' input unused [-Wunused-command-line-argument]]
  ignore line: [ "/Library/Developer/CommandLineTools/usr/bin/clang" -cc1 -triple x86_64-apple-macosx10.15.0 -Wdeprecated-objc-isa-usage -Werror=deprecated-objc-isa-usage -emit-obj -mrelax-all -disable-free -disable-llvm-verifier -discard-value-names -main-file-name CMakeCCompilerABI.c -mrelocation-model pic -pic-level 2 -mthread-model posix -mdisable-fp-elim -fno-strict-return -masm-verbose -munwind-tables -target-sdk-version=10.15 -target-cpu penryn -dwarf-column-info -debugger-tuning=lldb -ggnu-pubnames -target-linker-version 520 -v -coverage-notes-file /Users/hahyunsoo/Github/Anonymityvoting/build/Darwin/master/release/CMakeFiles/CMakeTmp/CMakeFiles/cmTC_1d4f2.dir/CMakeCCompilerABI.c.gcno -resource-dir /Library/Developer/CommandLineTools/usr/lib/clang/11.0.0 -isysroot /Library/Developer/CommandLineTools/SDKs/MacOSX10.15.sdk -Wno-framework-include-private-from-public -Wno-atimport-in-framework-header -Wno-extra-semi-stmt -Wno-quoted-include-in-framework-header -fdebug-compilation-dir /Users/hahyunsoo/Github/Anonymityvoting/build/Darwin/master/release/CMakeFiles/CMakeTmp -ferror-limit 19 -fmessage-length 0 -stack-protector 1 -fstack-check -mdarwin-stkchk-strong-link -fblocks -fencode-extended-block-signature -fregister-global-dtors-with-atexit -fobjc-runtime=macosx-10.15.0 -fmax-type-align=16 -fdiagnostics-show-option -o CMakeFiles/cmTC_1d4f2.dir/CMakeCCompilerABI.c.o -x c /usr/local/Cellar/cmake/3.15.5/share/cmake/Modules/CMakeCCompilerABI.c]
  ignore line: [clang -cc1 version 11.0.0 (clang-1100.0.33.12) default target x86_64-apple-darwin19.0.0]
  ignore line: [ignoring nonexistent directory "/Library/Developer/CommandLineTools/SDKs/MacOSX10.15.sdk/usr/local/include"]
  ignore line: [ignoring nonexistent directory "/Library/Developer/CommandLineTools/SDKs/MacOSX10.15.sdk/Library/Frameworks"]
  ignore line: [#include "..." search starts here:]
  ignore line: [#include <...> search starts here:]
  ignore line: [ /Library/Developer/CommandLineTools/usr/lib/clang/11.0.0/include]
  ignore line: [ /Library/Developer/CommandLineTools/usr/include]
  ignore line: [ /Library/Developer/CommandLineTools/SDKs/MacOSX10.15.sdk/usr/include]
  ignore line: [ /Library/Developer/CommandLineTools/SDKs/MacOSX10.15.sdk/System/Library/Frameworks (framework directory)]
  ignore line: [End of search list.]
  ignore line: [Linking C executable cmTC_1d4f2]
  ignore line: [/usr/local/Cellar/cmake/3.15.5/bin/cmake -E cmake_link_script CMakeFiles/cmTC_1d4f2.dir/link.txt --verbose=1]
  ignore line: [/Library/Developer/CommandLineTools/usr/bin/cc   -isysroot /Library/Developer/CommandLineTools/SDKs/MacOSX10.15.sdk -Wl,-search_paths_first -Wl,-headerpad_max_install_names  -v -Wl,-v CMakeFiles/cmTC_1d4f2.dir/CMakeCCompilerABI.c.o  -o cmTC_1d4f2 ]
  ignore line: [Apple clang version 11.0.0 (clang-1100.0.33.12)]
  ignore line: [Target: x86_64-apple-darwin19.0.0]
  ignore line: [Thread model: posix]
  ignore line: [InstalledDir: /Library/Developer/CommandLineTools/usr/bin]
  link line: [ "/Library/Developer/CommandLineTools/usr/bin/ld" -demangle -lto_library /Library/Developer/CommandLineTools/usr/lib/libLTO.dylib -dynamic -arch x86_64 -macosx_version_min 10.15.0 -syslibroot /Library/Developer/CommandLineTools/SDKs/MacOSX10.15.sdk -o cmTC_1d4f2 -search_paths_first -headerpad_max_install_names -v CMakeFiles/cmTC_1d4f2.dir/CMakeCCompilerABI.c.o -lSystem /Library/Developer/CommandLineTools/usr/lib/clang/11.0.0/lib/darwin/libclang_rt.osx.a]
    arg [/Library/Developer/CommandLineTools/usr/bin/ld] ==> ignore
    arg [-demangle] ==> ignore
    arg [-lto_library] ==> ignore, skip following value
    arg [/Library/Developer/CommandLineTools/usr/lib/libLTO.dylib] ==> skip value of -lto_library
    arg [-dynamic] ==> ignore
    arg [-arch] ==> ignore
    arg [x86_64] ==> ignore
    arg [-macosx_version_min] ==> ignore
    arg [10.15.0] ==> ignore
    arg [-syslibroot] ==> ignore
    arg [/Library/Developer/CommandLineTools/SDKs/MacOSX10.15.sdk] ==> ignore
    arg [-o] ==> ignore
    arg [cmTC_1d4f2] ==> ignore
    arg [-search_paths_first] ==> ignore
    arg [-headerpad_max_install_names] ==> ignore
    arg [-v] ==> ignore
    arg [CMakeFiles/cmTC_1d4f2.dir/CMakeCCompilerABI.c.o] ==> ignore
    arg [-lSystem] ==> lib [System]
    arg [/Library/Developer/CommandLineTools/usr/lib/clang/11.0.0/lib/darwin/libclang_rt.osx.a] ==> lib [/Library/Developer/CommandLineTools/usr/lib/clang/11.0.0/lib/darwin/libclang_rt.osx.a]
  Library search paths: [;/Library/Developer/CommandLineTools/SDKs/MacOSX10.15.sdk/usr/lib]
  Framework search paths: [;/Library/Developer/CommandLineTools/SDKs/MacOSX10.15.sdk/System/Library/Frameworks/]
  remove lib [System]
  remove lib [/Library/Developer/CommandLineTools/usr/lib/clang/11.0.0/lib/darwin/libclang_rt.osx.a]
  collapse library dir [/Library/Developer/CommandLineTools/SDKs/MacOSX10.15.sdk/usr/lib] ==> [/Library/Developer/CommandLineTools/SDKs/MacOSX10.15.sdk/usr/lib]
  collapse framework dir [/Library/Developer/CommandLineTools/SDKs/MacOSX10.15.sdk/System/Library/Frameworks/] ==> [/Library/Developer/CommandLineTools/SDKs/MacOSX10.15.sdk/System/Library/Frameworks]
  implicit libs: []
  implicit dirs: [/Library/Developer/CommandLineTools/SDKs/MacOSX10.15.sdk/usr/lib]
  implicit fwks: [/Library/Developer/CommandLineTools/SDKs/MacOSX10.15.sdk/System/Library/Frameworks]


Determining if the CXX compiler works passed with the following output:
Change Dir: /Users/hahyunsoo/Github/Anonymityvoting/build/Darwin/master/release/CMakeFiles/CMakeTmp

Run Build Command(s):/usr/bin/make cmTC_2a246/fast && /Library/Developer/CommandLineTools/usr/bin/make -f CMakeFiles/cmTC_2a246.dir/build.make CMakeFiles/cmTC_2a246.dir/build
Building CXX object CMakeFiles/cmTC_2a246.dir/testCXXCompiler.cxx.o
/Library/Developer/CommandLineTools/usr/bin/c++    -isysroot /Library/Developer/CommandLineTools/SDKs/MacOSX10.15.sdk   -o CMakeFiles/cmTC_2a246.dir/testCXXCompiler.cxx.o -c /Users/hahyunsoo/Github/Anonymityvoting/build/Darwin/master/release/CMakeFiles/CMakeTmp/testCXXCompiler.cxx
Linking CXX executable cmTC_2a246
/usr/local/Cellar/cmake/3.15.5/bin/cmake -E cmake_link_script CMakeFiles/cmTC_2a246.dir/link.txt --verbose=1
/Library/Developer/CommandLineTools/usr/bin/c++    -isysroot /Library/Developer/CommandLineTools/SDKs/MacOSX10.15.sdk -Wl,-search_paths_first -Wl,-headerpad_max_install_names   CMakeFiles/cmTC_2a246.dir/testCXXCompiler.cxx.o  -o cmTC_2a246 



Detecting CXX compiler ABI info compiled with the following output:
Change Dir: /Users/hahyunsoo/Github/Anonymityvoting/build/Darwin/master/release/CMakeFiles/CMakeTmp

Run Build Command(s):/usr/bin/make cmTC_6c47c/fast && /Library/Developer/CommandLineTools/usr/bin/make -f CMakeFiles/cmTC_6c47c.dir/build.make CMakeFiles/cmTC_6c47c.dir/build
Building CXX object CMakeFiles/cmTC_6c47c.dir/CMakeCXXCompilerABI.cpp.o
/Library/Developer/CommandLineTools/usr/bin/c++    -isysroot /Library/Developer/CommandLineTools/SDKs/MacOSX10.15.sdk   -v -Wl,-v -o CMakeFiles/cmTC_6c47c.dir/CMakeCXXCompilerABI.cpp.o -c /usr/local/Cellar/cmake/3.15.5/share/cmake/Modules/CMakeCXXCompilerABI.cpp
Apple clang version 11.0.0 (clang-1100.0.33.12)
Target: x86_64-apple-darwin19.0.0
Thread model: posix
InstalledDir: /Library/Developer/CommandLineTools/usr/bin
clang: warning: -Wl,-v: 'linker' input unused [-Wunused-command-line-argument]
 "/Library/Developer/CommandLineTools/usr/bin/clang" -cc1 -triple x86_64-apple-macosx10.15.0 -Wdeprecated-objc-isa-usage -Werror=deprecated-objc-isa-usage -emit-obj -mrelax-all -disable-free -disable-llvm-verifier -discard-value-names -main-file-name CMakeCXXCompilerABI.cpp -mrelocation-model pic -pic-level 2 -mthread-model posix -mdisable-fp-elim -fno-strict-return -masm-verbose -munwind-tables -target-sdk-version=10.15 -target-cpu penryn -dwarf-column-info -debugger-tuning=lldb -ggnu-pubnames -target-linker-version 520 -v -coverage-notes-file /Users/hahyunsoo/Github/Anonymityvoting/build/Darwin/master/release/CMakeFiles/CMakeTmp/CMakeFiles/cmTC_6c47c.dir/CMakeCXXCompilerABI.cpp.gcno -resource-dir /Library/Developer/CommandLineTools/usr/lib/clang/11.0.0 -isysroot /Library/Developer/CommandLineTools/SDKs/MacOSX10.15.sdk -stdlib=libc++ -internal-isystem /Library/Developer/CommandLineTools/usr/bin/../include/c++/v1 -Wno-framework-include-private-from-public -Wno-atimport-in-framework-header -Wno-extra-semi-stmt -Wno-quoted-include-in-framework-header -fdeprecated-macro -fdebug-compilation-dir /Users/hahyunsoo/Github/Anonymityvoting/build/Darwin/master/release/CMakeFiles/CMakeTmp -ferror-limit 19 -fmessage-length 0 -stack-protector 1 -fstack-check -mdarwin-stkchk-strong-link -fblocks -fencode-extended-block-signature -fregister-global-dtors-with-atexit -fobjc-runtime=macosx-10.15.0 -fcxx-exceptions -fexceptions -fmax-type-align=16 -fdiagnostics-show-option -o CMakeFiles/cmTC_6c47c.dir/CMakeCXXCompilerABI.cpp.o -x c++ /usr/local/Cellar/cmake/3.15.5/share/cmake/Modules/CMakeCXXCompilerABI.cpp
clang -cc1 version 11.0.0 (clang-1100.0.33.12) default target x86_64-apple-darwin19.0.0
ignoring nonexistent directory "/Library/Developer/CommandLineTools/SDKs/MacOSX10.15.sdk/usr/include/c++/v1"
ignoring nonexistent directory "/Library/Developer/CommandLineTools/SDKs/MacOSX10.15.sdk/usr/local/include"
ignoring nonexistent directory "/Library/Developer/CommandLineTools/SDKs/MacOSX10.15.sdk/Library/Frameworks"
#include "..." search starts here:
#include <...> search starts here:
 /Library/Developer/CommandLineTools/usr/bin/../include/c++/v1
 /Library/Developer/CommandLineTools/usr/lib/clang/11.0.0/include
 /Library/Developer/CommandLineTools/usr/include
 /Library/Developer/CommandLineTools/SDKs/MacOSX10.15.sdk/usr/include
 /Library/Developer/CommandLineTools/SDKs/MacOSX10.15.sdk/System/Library/Frameworks (framework directory)
End of search list.
Linking CXX executable cmTC_6c47c
/usr/local/Cellar/cmake/3.15.5/bin/cmake -E cmake_link_script CMakeFiles/cmTC_6c47c.dir/link.txt --verbose=1
/Library/Developer/CommandLineTools/usr/bin/c++    -isysroot /Library/Developer/CommandLineTools/SDKs/MacOSX10.15.sdk -Wl,-search_paths_first -Wl,-headerpad_max_install_names  -v -Wl,-v CMakeFiles/cmTC_6c47c.dir/CMakeCXXCompilerABI.cpp.o  -o cmTC_6c47c 
Apple clang version 11.0.0 (clang-1100.0.33.12)
Target: x86_64-apple-darwin19.0.0
Thread model: posix
InstalledDir: /Library/Developer/CommandLineTools/usr/bin
 "/Library/Developer/CommandLineTools/usr/bin/ld" -demangle -lto_library /Library/Developer/CommandLineTools/usr/lib/libLTO.dylib -dynamic -arch x86_64 -macosx_version_min 10.15.0 -syslibroot /Library/Developer/CommandLineTools/SDKs/MacOSX10.15.sdk -o cmTC_6c47c -search_paths_first -headerpad_max_install_names -v CMakeFiles/cmTC_6c47c.dir/CMakeCXXCompilerABI.cpp.o -lc++ -lSystem /Library/Developer/CommandLineTools/usr/lib/clang/11.0.0/lib/darwin/libclang_rt.osx.a
@(#)PROGRAM:ld  PROJECT:ld64-520
BUILD 18:38:01 Oct 11 2019
configured to support archs: armv6 armv7 armv7s arm64 arm64e arm64_32 i386 x86_64 x86_64h armv6m armv7k armv7m armv7em
Library search paths:
	/Library/Developer/CommandLineTools/SDKs/MacOSX10.15.sdk/usr/lib
Framework search paths:
	/Library/Developer/CommandLineTools/SDKs/MacOSX10.15.sdk/System/Library/Frameworks/



Parsed CXX implicit include dir info from above output: rv=done
  found start of include info
  found start of implicit include info
    add: [/Library/Developer/CommandLineTools/usr/bin/../include/c++/v1]
    add: [/Library/Developer/CommandLineTools/usr/lib/clang/11.0.0/include]
    add: [/Library/Developer/CommandLineTools/usr/include]
    add: [/Library/Developer/CommandLineTools/SDKs/MacOSX10.15.sdk/usr/include]
  end of search list found
  collapse include dir [/Library/Developer/CommandLineTools/usr/bin/../include/c++/v1] ==> [/Library/Developer/CommandLineTools/usr/include/c++/v1]
  collapse include dir [/Library/Developer/CommandLineTools/usr/lib/clang/11.0.0/include] ==> [/Library/Developer/CommandLineTools/usr/lib/clang/11.0.0/include]
  collapse include dir [/Library/Developer/CommandLineTools/usr/include] ==> [/Library/Developer/CommandLineTools/usr/include]
  collapse include dir [/Library/Developer/CommandLineTools/SDKs/MacOSX10.15.sdk/usr/include] ==> [/Library/Developer/CommandLineTools/SDKs/MacOSX10.15.sdk/usr/include]
  implicit include dirs: [/Library/Developer/CommandLineTools/usr/include/c++/v1;/Library/Developer/CommandLineTools/usr/lib/clang/11.0.0/include;/Library/Developer/CommandLineTools/usr/include;/Library/Developer/CommandLineTools/SDKs/MacOSX10.15.sdk/usr/include]


Parsed CXX implicit link information from above output:
  link line regex: [^( *|.*[/\])(ld|CMAKE_LINK_STARTFILE-NOTFOUND|([^/\]+-)?ld|collect2)[^/\]*( |$)]
  ignore line: [Change Dir: /Users/hahyunsoo/Github/Anonymityvoting/build/Darwin/master/release/CMakeFiles/CMakeTmp]
  ignore line: []
  ignore line: [Run Build Command(s):/usr/bin/make cmTC_6c47c/fast && /Library/Developer/CommandLineTools/usr/bin/make -f CMakeFiles/cmTC_6c47c.dir/build.make CMakeFiles/cmTC_6c47c.dir/build]
  ignore line: [Building CXX object CMakeFiles/cmTC_6c47c.dir/CMakeCXXCompilerABI.cpp.o]
  ignore line: [/Library/Developer/CommandLineTools/usr/bin/c++    -isysroot /Library/Developer/CommandLineTools/SDKs/MacOSX10.15.sdk   -v -Wl,-v -o CMakeFiles/cmTC_6c47c.dir/CMakeCXXCompilerABI.cpp.o -c /usr/local/Cellar/cmake/3.15.5/share/cmake/Modules/CMakeCXXCompilerABI.cpp]
  ignore line: [Apple clang version 11.0.0 (clang-1100.0.33.12)]
  ignore line: [Target: x86_64-apple-darwin19.0.0]
  ignore line: [Thread model: posix]
  ignore line: [InstalledDir: /Library/Developer/CommandLineTools/usr/bin]
  ignore line: [clang: warning: -Wl,-v: 'linker' input unused [-Wunused-command-line-argument]]
  ignore line: [ "/Library/Developer/CommandLineTools/usr/bin/clang" -cc1 -triple x86_64-apple-macosx10.15.0 -Wdeprecated-objc-isa-usage -Werror=deprecated-objc-isa-usage -emit-obj -mrelax-all -disable-free -disable-llvm-verifier -discard-value-names -main-file-name CMakeCXXCompilerABI.cpp -mrelocation-model pic -pic-level 2 -mthread-model posix -mdisable-fp-elim -fno-strict-return -masm-verbose -munwind-tables -target-sdk-version=10.15 -target-cpu penryn -dwarf-column-info -debugger-tuning=lldb -ggnu-pubnames -target-linker-version 520 -v -coverage-notes-file /Users/hahyunsoo/Github/Anonymityvoting/build/Darwin/master/release/CMakeFiles/CMakeTmp/CMakeFiles/cmTC_6c47c.dir/CMakeCXXCompilerABI.cpp.gcno -resource-dir /Library/Developer/CommandLineTools/usr/lib/clang/11.0.0 -isysroot /Library/Developer/CommandLineTools/SDKs/MacOSX10.15.sdk -stdlib=libc++ -internal-isystem /Library/Developer/CommandLineTools/usr/bin/../include/c++/v1 -Wno-framework-include-private-from-public -Wno-atimport-in-framework-header -Wno-extra-semi-stmt -Wno-quoted-include-in-framework-header -fdeprecated-macro -fdebug-compilation-dir /Users/hahyunsoo/Github/Anonymityvoting/build/Darwin/master/release/CMakeFiles/CMakeTmp -ferror-limit 19 -fmessage-length 0 -stack-protector 1 -fstack-check -mdarwin-stkchk-strong-link -fblocks -fencode-extended-block-signature -fregister-global-dtors-with-atexit -fobjc-runtime=macosx-10.15.0 -fcxx-exceptions -fexceptions -fmax-type-align=16 -fdiagnostics-show-option -o CMakeFiles/cmTC_6c47c.dir/CMakeCXXCompilerABI.cpp.o -x c++ /usr/local/Cellar/cmake/3.15.5/share/cmake/Modules/CMakeCXXCompilerABI.cpp]
  ignore line: [clang -cc1 version 11.0.0 (clang-1100.0.33.12) default target x86_64-apple-darwin19.0.0]
  ignore line: [ignoring nonexistent directory "/Library/Developer/CommandLineTools/SDKs/MacOSX10.15.sdk/usr/include/c++/v1"]
  ignore line: [ignoring nonexistent directory "/Library/Developer/CommandLineTools/SDKs/MacOSX10.15.sdk/usr/local/include"]
  ignore line: [ignoring nonexistent directory "/Library/Developer/CommandLineTools/SDKs/MacOSX10.15.sdk/Library/Frameworks"]
  ignore line: [#include "..." search starts here:]
  ignore line: [#include <...> search starts here:]
  ignore line: [ /Library/Developer/CommandLineTools/usr/bin/../include/c++/v1]
  ignore line: [ /Library/Developer/CommandLineTools/usr/lib/clang/11.0.0/include]
  ignore line: [ /Library/Developer/CommandLineTools/usr/include]
  ignore line: [ /Library/Developer/CommandLineTools/SDKs/MacOSX10.15.sdk/usr/include]
  ignore line: [ /Library/Developer/CommandLineTools/SDKs/MacOSX10.15.sdk/System/Library/Frameworks (framework directory)]
  ignore line: [End of search list.]
  ignore line: [Linking CXX executable cmTC_6c47c]
  ignore line: [/usr/local/Cellar/cmake/3.15.5/bin/cmake -E cmake_link_script CMakeFiles/cmTC_6c47c.dir/link.txt --verbose=1]
  ignore line: [/Library/Developer/CommandLineTools/usr/bin/c++    -isysroot /Library/Developer/CommandLineTools/SDKs/MacOSX10.15.sdk -Wl,-search_paths_first -Wl,-headerpad_max_install_names  -v -Wl,-v CMakeFiles/cmTC_6c47c.dir/CMakeCXXCompilerABI.cpp.o  -o cmTC_6c47c ]
  ignore line: [Apple clang version 11.0.0 (clang-1100.0.33.12)]
  ignore line: [Target: x86_64-apple-darwin19.0.0]
  ignore line: [Thread model: posix]
  ignore line: [InstalledDir: /Library/Developer/CommandLineTools/usr/bin]
  link line: [ "/Library/Developer/CommandLineTools/usr/bin/ld" -demangle -lto_library /Library/Developer/CommandLineTools/usr/lib/libLTO.dylib -dynamic -arch x86_64 -macosx_version_min 10.15.0 -syslibroot /Library/Developer/CommandLineTools/SDKs/MacOSX10.15.sdk -o cmTC_6c47c -search_paths_first -headerpad_max_install_names -v CMakeFiles/cmTC_6c47c.dir/CMakeCXXCompilerABI.cpp.o -lc++ -lSystem /Library/Developer/CommandLineTools/usr/lib/clang/11.0.0/lib/darwin/libclang_rt.osx.a]
    arg [/Library/Developer/CommandLineTools/usr/bin/ld] ==> ignore
    arg [-demangle] ==> ignore
    arg [-lto_library] ==> ignore, skip following value
    arg [/Library/Developer/CommandLineTools/usr/lib/libLTO.dylib] ==> skip value of -lto_library
    arg [-dynamic] ==> ignore
    arg [-arch] ==> ignore
    arg [x86_64] ==> ignore
    arg [-macosx_version_min] ==> ignore
    arg [10.15.0] ==> ignore
    arg [-syslibroot] ==> ignore
    arg [/Library/Developer/CommandLineTools/SDKs/MacOSX10.15.sdk] ==> ignore
    arg [-o] ==> ignore
    arg [cmTC_6c47c] ==> ignore
    arg [-search_paths_first] ==> ignore
    arg [-headerpad_max_install_names] ==> ignore
    arg [-v] ==> ignore
    arg [CMakeFiles/cmTC_6c47c.dir/CMakeCXXCompilerABI.cpp.o] ==> ignore
    arg [-lc++] ==> lib [c++]
    arg [-lSystem] ==> lib [System]
    arg [/Library/Developer/CommandLineTools/usr/lib/clang/11.0.0/lib/darwin/libclang_rt.osx.a] ==> lib [/Library/Developer/CommandLineTools/usr/lib/clang/11.0.0/lib/darwin/libclang_rt.osx.a]
  Library search paths: [;/Library/Developer/CommandLineTools/SDKs/MacOSX10.15.sdk/usr/lib]
  Framework search paths: [;/Library/Developer/CommandLineTools/SDKs/MacOSX10.15.sdk/System/Library/Frameworks/]
  remove lib [System]
  remove lib [/Library/Developer/CommandLineTools/usr/lib/clang/11.0.0/lib/darwin/libclang_rt.osx.a]
  collapse library dir [/Library/Developer/CommandLineTools/SDKs/MacOSX10.15.sdk/usr/lib] ==> [/Library/Developer/CommandLineTools/SDKs/MacOSX10.15.sdk/usr/lib]
  collapse framework dir [/Library/Developer/CommandLineTools/SDKs/MacOSX10.15.sdk/System/Library/Frameworks/] ==> [/Library/Developer/CommandLineTools/SDKs/MacOSX10.15.sdk/System/Library/Frameworks]
  implicit libs: [c++]
  implicit dirs: [/Library/Developer/CommandLineTools/SDKs/MacOSX10.15.sdk/usr/lib]
  implicit fwks: [/Library/Developer/CommandLineTools/SDKs/MacOSX10.15.sdk/System/Library/Frameworks]


Checking whether the ASM compiler is Clang using "--version" matched "(clang version)":
Apple clang version 11.0.0 (clang-1100.0.33.12)
Target: x86_64-apple-darwin19.0.0
Thread model: posix
InstalledDir: /Library/Developer/CommandLineTools/usr/bin
Determining if the function memset_s exists in the c passed with the following output:
Change Dir: /Users/hahyunsoo/Github/Anonymityvoting/build/Darwin/master/release/CMakeFiles/CMakeTmp

Run Build Command(s):/usr/bin/make cmTC_5a7da/fast && /Library/Developer/CommandLineTools/usr/bin/make -f CMakeFiles/cmTC_5a7da.dir/build.make CMakeFiles/cmTC_5a7da.dir/build
Building C object CMakeFiles/cmTC_5a7da.dir/CheckFunctionExists.c.o
/Library/Developer/CommandLineTools/usr/bin/cc   -DCHECK_FUNCTION_EXISTS=memset_s -isysroot /Library/Developer/CommandLineTools/SDKs/MacOSX10.15.sdk   -o CMakeFiles/cmTC_5a7da.dir/CheckFunctionExists.c.o   -c /usr/local/Cellar/cmake/3.15.5/share/cmake/Modules/CheckFunctionExists.c
Linking C executable cmTC_5a7da
/usr/local/Cellar/cmake/3.15.5/bin/cmake -E cmake_link_script CMakeFiles/cmTC_5a7da.dir/link.txt --verbose=1
/Library/Developer/CommandLineTools/usr/bin/cc  -DCHECK_FUNCTION_EXISTS=memset_s -isysroot /Library/Developer/CommandLineTools/SDKs/MacOSX10.15.sdk -Wl,-search_paths_first -Wl,-headerpad_max_install_names   CMakeFiles/cmTC_5a7da.dir/CheckFunctionExists.c.o  -o cmTC_5a7da  -L/Users/hahyunsoo/Github/Anonymityvoting/build/Darwin/master/release/CMakeFiles/CMakeTmp/string.h -Wl,-rpath,/Users/hahyunsoo/Github/Anonymityvoting/build/Darwin/master/release/CMakeFiles/CMakeTmp/string.h -lc 
ld: warning: directory not found for option '-L/Users/hahyunsoo/Github/Anonymityvoting/build/Darwin/master/release/CMakeFiles/CMakeTmp/string.h'



Determining if the function strptime exists passed with the following output:
Change Dir: /Users/hahyunsoo/Github/Anonymityvoting/build/Darwin/master/release/CMakeFiles/CMakeTmp

Run Build Command(s):/usr/bin/make cmTC_f7ed7/fast && /Library/Developer/CommandLineTools/usr/bin/make -f CMakeFiles/cmTC_f7ed7.dir/build.make CMakeFiles/cmTC_f7ed7.dir/build
Building C object CMakeFiles/cmTC_f7ed7.dir/CheckFunctionExists.c.o
/Library/Developer/CommandLineTools/usr/bin/cc   -DCHECK_FUNCTION_EXISTS=strptime -isysroot /Library/Developer/CommandLineTools/SDKs/MacOSX10.15.sdk   -o CMakeFiles/cmTC_f7ed7.dir/CheckFunctionExists.c.o   -c /usr/local/Cellar/cmake/3.15.5/share/cmake/Modules/CheckFunctionExists.c
Linking C executable cmTC_f7ed7
/usr/local/Cellar/cmake/3.15.5/bin/cmake -E cmake_link_script CMakeFiles/cmTC_f7ed7.dir/link.txt --verbose=1
/Library/Developer/CommandLineTools/usr/bin/cc  -DCHECK_FUNCTION_EXISTS=strptime -isysroot /Library/Developer/CommandLineTools/SDKs/MacOSX10.15.sdk -Wl,-search_paths_first -Wl,-headerpad_max_install_names   CMakeFiles/cmTC_f7ed7.dir/CheckFunctionExists.c.o  -o cmTC_f7ed7 



Determining if the include file pthread.h exists passed with the following output:
Change Dir: /Users/hahyunsoo/Github/Anonymityvoting/build/Darwin/master/release/CMakeFiles/CMakeTmp

Run Build Command(s):/usr/bin/make cmTC_7c90a/fast && /Library/Developer/CommandLineTools/usr/bin/make -f CMakeFiles/cmTC_7c90a.dir/build.make CMakeFiles/cmTC_7c90a.dir/build
Building C object CMakeFiles/cmTC_7c90a.dir/CheckIncludeFile.c.o
/Library/Developer/CommandLineTools/usr/bin/cc   -isysroot /Library/Developer/CommandLineTools/SDKs/MacOSX10.15.sdk   -o CMakeFiles/cmTC_7c90a.dir/CheckIncludeFile.c.o   -c /Users/hahyunsoo/Github/Anonymityvoting/build/Darwin/master/release/CMakeFiles/CMakeTmp/CheckIncludeFile.c
Linking C executable cmTC_7c90a
/usr/local/Cellar/cmake/3.15.5/bin/cmake -E cmake_link_script CMakeFiles/cmTC_7c90a.dir/link.txt --verbose=1
/Library/Developer/CommandLineTools/usr/bin/cc   -isysroot /Library/Developer/CommandLineTools/SDKs/MacOSX10.15.sdk -Wl,-search_paths_first -Wl,-headerpad_max_install_names   CMakeFiles/cmTC_7c90a.dir/CheckIncludeFile.c.o  -o cmTC_7c90a 



Performing C SOURCE FILE Test CMAKE_HAVE_LIBC_PTHREAD succeeded with the following output:
Change Dir: /Users/hahyunsoo/Github/Anonymityvoting/build/Darwin/master/release/CMakeFiles/CMakeTmp

Run Build Command(s):/usr/bin/make cmTC_d5bd5/fast && /Library/Developer/CommandLineTools/usr/bin/make -f CMakeFiles/cmTC_d5bd5.dir/build.make CMakeFiles/cmTC_d5bd5.dir/build
Building C object CMakeFiles/cmTC_d5bd5.dir/src.c.o
/Library/Developer/CommandLineTools/usr/bin/cc   -DCMAKE_HAVE_LIBC_PTHREAD -isysroot /Library/Developer/CommandLineTools/SDKs/MacOSX10.15.sdk   -o CMakeFiles/cmTC_d5bd5.dir/src.c.o   -c /Users/hahyunsoo/Github/Anonymityvoting/build/Darwin/master/release/CMakeFiles/CMakeTmp/src.c
Linking C executable cmTC_d5bd5
/usr/local/Cellar/cmake/3.15.5/bin/cmake -E cmake_link_script CMakeFiles/cmTC_d5bd5.dir/link.txt --verbose=1
/Library/Developer/CommandLineTools/usr/bin/cc  -DCMAKE_HAVE_LIBC_PTHREAD -isysroot /Library/Developer/CommandLineTools/SDKs/MacOSX10.15.sdk -Wl,-search_paths_first -Wl,-headerpad_max_install_names   CMakeFiles/cmTC_d5bd5.dir/src.c.o  -o cmTC_d5bd5 


Source file was:
#include <pthread.h>

void* test_func(void* data)
{
  return data;
}

int main(void)
{
  pthread_t thread;
  pthread_create(&thread, NULL, test_func, NULL);
  pthread_detach(thread);
  pthread_join(thread, NULL);
  pthread_atfork(NULL, NULL, NULL);
  pthread_exit(NULL);

  return 0;
}

Determining if the backtrace exist passed with the following output:
Change Dir: /Users/hahyunsoo/Github/Anonymityvoting/build/Darwin/master/release/CMakeFiles/CMakeTmp

Run Build Command(s):/usr/bin/make cmTC_69a87/fast && /Library/Developer/CommandLineTools/usr/bin/make -f CMakeFiles/cmTC_69a87.dir/build.make CMakeFiles/cmTC_69a87.dir/build
Building C object CMakeFiles/cmTC_69a87.dir/CheckSymbolExists.c.o
/Library/Developer/CommandLineTools/usr/bin/cc   -isysroot /Library/Developer/CommandLineTools/SDKs/MacOSX10.15.sdk   -o CMakeFiles/cmTC_69a87.dir/CheckSymbolExists.c.o   -c /Users/hahyunsoo/Github/Anonymityvoting/build/Darwin/master/release/CMakeFiles/CMakeTmp/CheckSymbolExists.c
Linking C executable cmTC_69a87
/usr/local/Cellar/cmake/3.15.5/bin/cmake -E cmake_link_script CMakeFiles/cmTC_69a87.dir/link.txt --verbose=1
/Library/Developer/CommandLineTools/usr/bin/cc   -isysroot /Library/Developer/CommandLineTools/SDKs/MacOSX10.15.sdk -Wl,-search_paths_first -Wl,-headerpad_max_install_names   CMakeFiles/cmTC_69a87.dir/CheckSymbolExists.c.o  -o cmTC_69a87 


File /Users/hahyunsoo/Github/Anonymityvoting/build/Darwin/master/release/CMakeFiles/CMakeTmp/CheckSymbolExists.c:
/* */
#include <execinfo.h>

int main(int argc, char** argv)
{
  (void)argv;
#ifndef backtrace
  return ((int*)(&backtrace))[argc];
#else
  (void)argc;
  return 0;
#endif
}

Performing C++ SOURCE FILE Test _maes_cxx succeeded with the following output:
Change Dir: /Users/hahyunsoo/Github/Anonymityvoting/build/Darwin/master/release/CMakeFiles/CMakeTmp

Run Build Command(s):/usr/bin/make cmTC_dee6a/fast && /Library/Developer/CommandLineTools/usr/bin/make -f CMakeFiles/cmTC_dee6a.dir/build.make CMakeFiles/cmTC_dee6a.dir/build
Building CXX object CMakeFiles/cmTC_dee6a.dir/src.cxx.o
/Library/Developer/CommandLineTools/usr/bin/c++    -march=x86-64 -fvisibility=default -std=c++11 -D_maes_cxx -isysroot /Library/Developer/CommandLineTools/SDKs/MacOSX10.15.sdk   -maes -o CMakeFiles/cmTC_dee6a.dir/src.cxx.o -c /Users/hahyunsoo/Github/Anonymityvoting/build/Darwin/master/release/CMakeFiles/CMakeTmp/src.cxx
Linking CXX executable cmTC_dee6a
/usr/local/Cellar/cmake/3.15.5/bin/cmake -E cmake_link_script CMakeFiles/cmTC_dee6a.dir/link.txt --verbose=1
/Library/Developer/CommandLineTools/usr/bin/c++   -march=x86-64 -fvisibility=default -std=c++11 -D_maes_cxx -isysroot /Library/Developer/CommandLineTools/SDKs/MacOSX10.15.sdk -Wl,-search_paths_first -Wl,-headerpad_max_install_names   CMakeFiles/cmTC_dee6a.dir/src.cxx.o  -o cmTC_dee6a 


Source file was:
int main() { return 0; }
Performing C SOURCE FILE Test _maes_c succeeded with the following output:
Change Dir: /Users/hahyunsoo/Github/Anonymityvoting/build/Darwin/master/release/CMakeFiles/CMakeTmp

Run Build Command(s):/usr/bin/make cmTC_1b905/fast && /Library/Developer/CommandLineTools/usr/bin/make -f CMakeFiles/cmTC_1b905.dir/build.make CMakeFiles/cmTC_1b905.dir/build
Building C object CMakeFiles/cmTC_1b905.dir/src.c.o
/Library/Developer/CommandLineTools/usr/bin/cc   -D_maes_c -isysroot /Library/Developer/CommandLineTools/SDKs/MacOSX10.15.sdk   -maes -o CMakeFiles/cmTC_1b905.dir/src.c.o   -c /Users/hahyunsoo/Github/Anonymityvoting/build/Darwin/master/release/CMakeFiles/CMakeTmp/src.c
Linking C executable cmTC_1b905
/usr/local/Cellar/cmake/3.15.5/bin/cmake -E cmake_link_script CMakeFiles/cmTC_1b905.dir/link.txt --verbose=1
/Library/Developer/CommandLineTools/usr/bin/cc  -D_maes_c -isysroot /Library/Developer/CommandLineTools/SDKs/MacOSX10.15.sdk -Wl,-search_paths_first -Wl,-headerpad_max_install_names   CMakeFiles/cmTC_1b905.dir/src.c.o  -o cmTC_1b905 


Source file was:
int main(void) { return 0; }
Performing C SOURCE FILE Test HAVE_SSSE3 succeeded with the following output:
Change Dir: /Users/hahyunsoo/Github/Anonymityvoting/build/Darwin/master/release/CMakeFiles/CMakeTmp

Run Build Command(s):/usr/bin/make cmTC_83ebd/fast && /Library/Developer/CommandLineTools/usr/bin/make -f CMakeFiles/cmTC_83ebd.dir/build.make CMakeFiles/cmTC_83ebd.dir/build
Building C object CMakeFiles/cmTC_83ebd.dir/src.c.o
/Library/Developer/CommandLineTools/usr/bin/cc   -maes -DHAVE_SSSE3 -isysroot /Library/Developer/CommandLineTools/SDKs/MacOSX10.15.sdk   -mssse3 -o CMakeFiles/cmTC_83ebd.dir/src.c.o   -c /Users/hahyunsoo/Github/Anonymityvoting/build/Darwin/master/release/CMakeFiles/CMakeTmp/src.c
Linking C executable cmTC_83ebd
/usr/local/Cellar/cmake/3.15.5/bin/cmake -E cmake_link_script CMakeFiles/cmTC_83ebd.dir/link.txt --verbose=1
/Library/Developer/CommandLineTools/usr/bin/cc  -maes -DHAVE_SSSE3 -isysroot /Library/Developer/CommandLineTools/SDKs/MacOSX10.15.sdk -Wl,-search_paths_first -Wl,-headerpad_max_install_names   CMakeFiles/cmTC_83ebd.dir/src.c.o  -o cmTC_83ebd 


Source file was:
int main(void) { return 0; }
Performing C SOURCE FILE Test HAVE_AVX2 succeeded with the following output:
Change Dir: /Users/hahyunsoo/Github/Anonymityvoting/build/Darwin/master/release/CMakeFiles/CMakeTmp

Run Build Command(s):/usr/bin/make cmTC_f2e70/fast && /Library/Developer/CommandLineTools/usr/bin/make -f CMakeFiles/cmTC_f2e70.dir/build.make CMakeFiles/cmTC_f2e70.dir/build
Building C object CMakeFiles/cmTC_f2e70.dir/src.c.o
/Library/Developer/CommandLineTools/usr/bin/cc   -maes -DHAVE_AVX2 -isysroot /Library/Developer/CommandLineTools/SDKs/MacOSX10.15.sdk   -mavx2 -o CMakeFiles/cmTC_f2e70.dir/src.c.o   -c /Users/hahyunsoo/Github/Anonymityvoting/build/Darwin/master/release/CMakeFiles/CMakeTmp/src.c
Linking C executable cmTC_f2e70
/usr/local/Cellar/cmake/3.15.5/bin/cmake -E cmake_link_script CMakeFiles/cmTC_f2e70.dir/link.txt --verbose=1
/Library/Developer/CommandLineTools/usr/bin/cc  -maes -DHAVE_AVX2 -isysroot /Library/Developer/CommandLineTools/SDKs/MacOSX10.15.sdk -Wl,-search_paths_first -Wl,-headerpad_max_install_names   CMakeFiles/cmTC_f2e70.dir/src.c.o  -o cmTC_f2e70 


Source file was:
int main(void) { return 0; }
Performing C++ SOURCE FILE Test HAVE_CXX_ATOMICS succeeded with the following output:
Change Dir: /Users/hahyunsoo/Github/Anonymityvoting/build/Darwin/master/release/CMakeFiles/CMakeTmp

Run Build Command(s):/usr/bin/make cmTC_a8b93/fast && /Library/Developer/CommandLineTools/usr/bin/make -f CMakeFiles/cmTC_a8b93.dir/build.make CMakeFiles/cmTC_a8b93.dir/build
Building CXX object CMakeFiles/cmTC_a8b93.dir/src.cxx.o
/Library/Developer/CommandLineTools/usr/bin/c++    -march=x86-64 -fvisibility=default -std=c++11 -maes -DHAVE_CXX_ATOMICS -isysroot /Library/Developer/CommandLineTools/SDKs/MacOSX10.15.sdk   -o CMakeFiles/cmTC_a8b93.dir/src.cxx.o -c /Users/hahyunsoo/Github/Anonymityvoting/build/Darwin/master/release/CMakeFiles/CMakeTmp/src.cxx
Linking CXX executable cmTC_a8b93
/usr/local/Cellar/cmake/3.15.5/bin/cmake -E cmake_link_script CMakeFiles/cmTC_a8b93.dir/link.txt --verbose=1
/Library/Developer/CommandLineTools/usr/bin/c++   -march=x86-64 -fvisibility=default -std=c++11 -maes -DHAVE_CXX_ATOMICS -isysroot /Library/Developer/CommandLineTools/SDKs/MacOSX10.15.sdk -Wl,-search_paths_first -Wl,-headerpad_max_install_names   CMakeFiles/cmTC_a8b93.dir/src.cxx.o  -o cmTC_a8b93 


Source file was:

#include <cstdint>
#include <atomic>
int main() {
  std::atomic<uint64_t> a;
  a.is_lock_free();
}
Performing C SOURCE FILE Test CC_SUPPORTS_MARCH_NATIVE succeeded with the following output:
Change Dir: /Users/hahyunsoo/Github/Anonymityvoting/build/Darwin/master/release/CMakeFiles/CMakeTmp

Run Build Command(s):/usr/bin/make cmTC_27487/fast && /Library/Developer/CommandLineTools/usr/bin/make -f CMakeFiles/cmTC_27487.dir/build.make CMakeFiles/cmTC_27487.dir/build
Building C object CMakeFiles/cmTC_27487.dir/src.c.o
/Library/Developer/CommandLineTools/usr/bin/cc   -DCC_SUPPORTS_MARCH_NATIVE -isysroot /Library/Developer/CommandLineTools/SDKs/MacOSX10.15.sdk   -march=native -o CMakeFiles/cmTC_27487.dir/src.c.o   -c /Users/hahyunsoo/Github/Anonymityvoting/build/Darwin/master/release/CMakeFiles/CMakeTmp/src.c
Linking C executable cmTC_27487
/usr/local/Cellar/cmake/3.15.5/bin/cmake -E cmake_link_script CMakeFiles/cmTC_27487.dir/link.txt --verbose=1
/Library/Developer/CommandLineTools/usr/bin/cc  -DCC_SUPPORTS_MARCH_NATIVE -isysroot /Library/Developer/CommandLineTools/SDKs/MacOSX10.15.sdk -Wl,-search_paths_first -Wl,-headerpad_max_install_names   CMakeFiles/cmTC_27487.dir/src.c.o  -o cmTC_27487 


Source file was:
int main(void) { return 0; }
Performing C SOURCE FILE Test _Wformat_c succeeded with the following output:
Change Dir: /Users/hahyunsoo/Github/Anonymityvoting/build/Darwin/master/release/CMakeFiles/CMakeTmp

Run Build Command(s):/usr/bin/make cmTC_27b4f/fast && /Library/Developer/CommandLineTools/usr/bin/make -f CMakeFiles/cmTC_27b4f.dir/build.make CMakeFiles/cmTC_27b4f.dir/build
Building C object CMakeFiles/cmTC_27b4f.dir/src.c.o
/Library/Developer/CommandLineTools/usr/bin/cc   -maes -march=native -fno-strict-aliasing -D_Wformat_c -isysroot /Library/Developer/CommandLineTools/SDKs/MacOSX10.15.sdk   -Wformat -o CMakeFiles/cmTC_27b4f.dir/src.c.o   -c /Users/hahyunsoo/Github/Anonymityvoting/build/Darwin/master/release/CMakeFiles/CMakeTmp/src.c
Linking C executable cmTC_27b4f
/usr/local/Cellar/cmake/3.15.5/bin/cmake -E cmake_link_script CMakeFiles/cmTC_27b4f.dir/link.txt --verbose=1
/Library/Developer/CommandLineTools/usr/bin/cc  -maes -march=native -fno-strict-aliasing -D_Wformat_c -isysroot /Library/Developer/CommandLineTools/SDKs/MacOSX10.15.sdk -Wl,-search_paths_first -Wl,-headerpad_max_install_names   CMakeFiles/cmTC_27b4f.dir/src.c.o  -o cmTC_27b4f 


Source file was:
int main(void) { return 0; }
Performing C++ SOURCE FILE Test _Wformat_cxx succeeded with the following output:
Change Dir: /Users/hahyunsoo/Github/Anonymityvoting/build/Darwin/master/release/CMakeFiles/CMakeTmp

Run Build Command(s):/usr/bin/make cmTC_666ef/fast && /Library/Developer/CommandLineTools/usr/bin/make -f CMakeFiles/cmTC_666ef.dir/build.make CMakeFiles/cmTC_666ef.dir/build
Building CXX object CMakeFiles/cmTC_666ef.dir/src.cxx.o
/Library/Developer/CommandLineTools/usr/bin/c++    -march=x86-64 -fvisibility=default -std=c++11 -maes -march=native -fno-strict-aliasing -D_Wformat_cxx -isysroot /Library/Developer/CommandLineTools/SDKs/MacOSX10.15.sdk   -Wformat -o CMakeFiles/cmTC_666ef.dir/src.cxx.o -c /Users/hahyunsoo/Github/Anonymityvoting/build/Darwin/master/release/CMakeFiles/CMakeTmp/src.cxx
Linking CXX executable cmTC_666ef
/usr/local/Cellar/cmake/3.15.5/bin/cmake -E cmake_link_script CMakeFiles/cmTC_666ef.dir/link.txt --verbose=1
/Library/Developer/CommandLineTools/usr/bin/c++   -march=x86-64 -fvisibility=default -std=c++11 -maes -march=native -fno-strict-aliasing -D_Wformat_cxx -isysroot /Library/Developer/CommandLineTools/SDKs/MacOSX10.15.sdk -Wl,-search_paths_first -Wl,-headerpad_max_install_names   CMakeFiles/cmTC_666ef.dir/src.cxx.o  -o cmTC_666ef 


Source file was:
int main() { return 0; }
Performing C SOURCE FILE Test _Wformat_security_c succeeded with the following output:
Change Dir: /Users/hahyunsoo/Github/Anonymityvoting/build/Darwin/master/release/CMakeFiles/CMakeTmp

Run Build Command(s):/usr/bin/make cmTC_874ae/fast && /Library/Developer/CommandLineTools/usr/bin/make -f CMakeFiles/cmTC_874ae.dir/build.make CMakeFiles/cmTC_874ae.dir/build
Building C object CMakeFiles/cmTC_874ae.dir/src.c.o
/Library/Developer/CommandLineTools/usr/bin/cc   -maes -march=native -fno-strict-aliasing -D_Wformat_security_c -isysroot /Library/Developer/CommandLineTools/SDKs/MacOSX10.15.sdk   -Wformat-security -o CMakeFiles/cmTC_874ae.dir/src.c.o   -c /Users/hahyunsoo/Github/Anonymityvoting/build/Darwin/master/release/CMakeFiles/CMakeTmp/src.c
Linking C executable cmTC_874ae
/usr/local/Cellar/cmake/3.15.5/bin/cmake -E cmake_link_script CMakeFiles/cmTC_874ae.dir/link.txt --verbose=1
/Library/Developer/CommandLineTools/usr/bin/cc  -maes -march=native -fno-strict-aliasing -D_Wformat_security_c -isysroot /Library/Developer/CommandLineTools/SDKs/MacOSX10.15.sdk -Wl,-search_paths_first -Wl,-headerpad_max_install_names   CMakeFiles/cmTC_874ae.dir/src.c.o  -o cmTC_874ae 


Source file was:
int main(void) { return 0; }
Performing C++ SOURCE FILE Test _Wformat_security_cxx succeeded with the following output:
Change Dir: /Users/hahyunsoo/Github/Anonymityvoting/build/Darwin/master/release/CMakeFiles/CMakeTmp

Run Build Command(s):/usr/bin/make cmTC_5194a/fast && /Library/Developer/CommandLineTools/usr/bin/make -f CMakeFiles/cmTC_5194a.dir/build.make CMakeFiles/cmTC_5194a.dir/build
Building CXX object CMakeFiles/cmTC_5194a.dir/src.cxx.o
/Library/Developer/CommandLineTools/usr/bin/c++    -march=x86-64 -fvisibility=default -std=c++11 -maes -march=native -fno-strict-aliasing -D_Wformat_security_cxx -isysroot /Library/Developer/CommandLineTools/SDKs/MacOSX10.15.sdk   -Wformat-security -o CMakeFiles/cmTC_5194a.dir/src.cxx.o -c /Users/hahyunsoo/Github/Anonymityvoting/build/Darwin/master/release/CMakeFiles/CMakeTmp/src.cxx
Linking CXX executable cmTC_5194a
/usr/local/Cellar/cmake/3.15.5/bin/cmake -E cmake_link_script CMakeFiles/cmTC_5194a.dir/link.txt --verbose=1
/Library/Developer/CommandLineTools/usr/bin/c++   -march=x86-64 -fvisibility=default -std=c++11 -maes -march=native -fno-strict-aliasing -D_Wformat_security_cxx -isysroot /Library/Developer/CommandLineTools/SDKs/MacOSX10.15.sdk -Wl,-search_paths_first -Wl,-headerpad_max_install_names   CMakeFiles/cmTC_5194a.dir/src.cxx.o  -o cmTC_5194a 


Source file was:
int main() { return 0; }
Performing C SOURCE FILE Test _fstack_protector_c succeeded with the following output:
Change Dir: /Users/hahyunsoo/Github/Anonymityvoting/build/Darwin/master/release/CMakeFiles/CMakeTmp

Run Build Command(s):/usr/bin/make cmTC_30f57/fast && /Library/Developer/CommandLineTools/usr/bin/make -f CMakeFiles/cmTC_30f57.dir/build.make CMakeFiles/cmTC_30f57.dir/build
Building C object CMakeFiles/cmTC_30f57.dir/src.c.o
/Library/Developer/CommandLineTools/usr/bin/cc   -maes -march=native -fno-strict-aliasing -D_fstack_protector_c -isysroot /Library/Developer/CommandLineTools/SDKs/MacOSX10.15.sdk   -fstack-protector -o CMakeFiles/cmTC_30f57.dir/src.c.o   -c /Users/hahyunsoo/Github/Anonymityvoting/build/Darwin/master/release/CMakeFiles/CMakeTmp/src.c
Linking C executable cmTC_30f57
/usr/local/Cellar/cmake/3.15.5/bin/cmake -E cmake_link_script CMakeFiles/cmTC_30f57.dir/link.txt --verbose=1
/Library/Developer/CommandLineTools/usr/bin/cc  -maes -march=native -fno-strict-aliasing -D_fstack_protector_c -isysroot /Library/Developer/CommandLineTools/SDKs/MacOSX10.15.sdk -Wl,-search_paths_first -Wl,-headerpad_max_install_names   CMakeFiles/cmTC_30f57.dir/src.c.o  -o cmTC_30f57 


Source file was:
int main(void) { return 0; }
Performing C++ SOURCE FILE Test _fstack_protector_cxx succeeded with the following output:
Change Dir: /Users/hahyunsoo/Github/Anonymityvoting/build/Darwin/master/release/CMakeFiles/CMakeTmp

Run Build Command(s):/usr/bin/make cmTC_fc86b/fast && /Library/Developer/CommandLineTools/usr/bin/make -f CMakeFiles/cmTC_fc86b.dir/build.make CMakeFiles/cmTC_fc86b.dir/build
Building CXX object CMakeFiles/cmTC_fc86b.dir/src.cxx.o
/Library/Developer/CommandLineTools/usr/bin/c++    -march=x86-64 -fvisibility=default -std=c++11 -maes -march=native -fno-strict-aliasing -D_fstack_protector_cxx -isysroot /Library/Developer/CommandLineTools/SDKs/MacOSX10.15.sdk   -fstack-protector -o CMakeFiles/cmTC_fc86b.dir/src.cxx.o -c /Users/hahyunsoo/Github/Anonymityvoting/build/Darwin/master/release/CMakeFiles/CMakeTmp/src.cxx
Linking CXX executable cmTC_fc86b
/usr/local/Cellar/cmake/3.15.5/bin/cmake -E cmake_link_script CMakeFiles/cmTC_fc86b.dir/link.txt --verbose=1
/Library/Developer/CommandLineTools/usr/bin/c++   -march=x86-64 -fvisibility=default -std=c++11 -maes -march=native -fno-strict-aliasing -D_fstack_protector_cxx -isysroot /Library/Developer/CommandLineTools/SDKs/MacOSX10.15.sdk -Wl,-search_paths_first -Wl,-headerpad_max_install_names   CMakeFiles/cmTC_fc86b.dir/src.cxx.o  -o cmTC_fc86b 


Source file was:
int main() { return 0; }
Performing C SOURCE FILE Test _fstack_protector_strong_c succeeded with the following output:
Change Dir: /Users/hahyunsoo/Github/Anonymityvoting/build/Darwin/master/release/CMakeFiles/CMakeTmp

Run Build Command(s):/usr/bin/make cmTC_92807/fast && /Library/Developer/CommandLineTools/usr/bin/make -f CMakeFiles/cmTC_92807.dir/build.make CMakeFiles/cmTC_92807.dir/build
Building C object CMakeFiles/cmTC_92807.dir/src.c.o
/Library/Developer/CommandLineTools/usr/bin/cc   -maes -march=native -fno-strict-aliasing -D_fstack_protector_strong_c -isysroot /Library/Developer/CommandLineTools/SDKs/MacOSX10.15.sdk   -fstack-protector-strong -o CMakeFiles/cmTC_92807.dir/src.c.o   -c /Users/hahyunsoo/Github/Anonymityvoting/build/Darwin/master/release/CMakeFiles/CMakeTmp/src.c
Linking C executable cmTC_92807
/usr/local/Cellar/cmake/3.15.5/bin/cmake -E cmake_link_script CMakeFiles/cmTC_92807.dir/link.txt --verbose=1
/Library/Developer/CommandLineTools/usr/bin/cc  -maes -march=native -fno-strict-aliasing -D_fstack_protector_strong_c -isysroot /Library/Developer/CommandLineTools/SDKs/MacOSX10.15.sdk -Wl,-search_paths_first -Wl,-headerpad_max_install_names   CMakeFiles/cmTC_92807.dir/src.c.o  -o cmTC_92807 


Source file was:
int main(void) { return 0; }
Performing C++ SOURCE FILE Test _fstack_protector_strong_cxx succeeded with the following output:
Change Dir: /Users/hahyunsoo/Github/Anonymityvoting/build/Darwin/master/release/CMakeFiles/CMakeTmp

Run Build Command(s):/usr/bin/make cmTC_f8ecd/fast && /Library/Developer/CommandLineTools/usr/bin/make -f CMakeFiles/cmTC_f8ecd.dir/build.make CMakeFiles/cmTC_f8ecd.dir/build
Building CXX object CMakeFiles/cmTC_f8ecd.dir/src.cxx.o
/Library/Developer/CommandLineTools/usr/bin/c++    -march=x86-64 -fvisibility=default -std=c++11 -maes -march=native -fno-strict-aliasing -D_fstack_protector_strong_cxx -isysroot /Library/Developer/CommandLineTools/SDKs/MacOSX10.15.sdk   -fstack-protector-strong -o CMakeFiles/cmTC_f8ecd.dir/src.cxx.o -c /Users/hahyunsoo/Github/Anonymityvoting/build/Darwin/master/release/CMakeFiles/CMakeTmp/src.cxx
Linking CXX executable cmTC_f8ecd
/usr/local/Cellar/cmake/3.15.5/bin/cmake -E cmake_link_script CMakeFiles/cmTC_f8ecd.dir/link.txt --verbose=1
/Library/Developer/CommandLineTools/usr/bin/c++   -march=x86-64 -fvisibility=default -std=c++11 -maes -march=native -fno-strict-aliasing -D_fstack_protector_strong_cxx -isysroot /Library/Developer/CommandLineTools/SDKs/MacOSX10.15.sdk -Wl,-search_paths_first -Wl,-headerpad_max_install_names   CMakeFiles/cmTC_f8ecd.dir/src.cxx.o  -o cmTC_f8ecd 


Source file was:
int main() { return 0; }
Performing C SOURCE FILE Test _fcf_protection=full_c succeeded with the following output:
Change Dir: /Users/hahyunsoo/Github/Anonymityvoting/build/Darwin/master/release/CMakeFiles/CMakeTmp

Run Build Command(s):/usr/bin/make cmTC_0939c/fast && /Library/Developer/CommandLineTools/usr/bin/make -f CMakeFiles/cmTC_0939c.dir/build.make CMakeFiles/cmTC_0939c.dir/build
Building C object CMakeFiles/cmTC_0939c.dir/src.c.o
/Library/Developer/CommandLineTools/usr/bin/cc   -maes -march=native -fno-strict-aliasing -D_fcf_protection=full_c -isysroot /Library/Developer/CommandLineTools/SDKs/MacOSX10.15.sdk   -fcf-protection=full -o CMakeFiles/cmTC_0939c.dir/src.c.o   -c /Users/hahyunsoo/Github/Anonymityvoting/build/Darwin/master/release/CMakeFiles/CMakeTmp/src.c
Linking C executable cmTC_0939c
/usr/local/Cellar/cmake/3.15.5/bin/cmake -E cmake_link_script CMakeFiles/cmTC_0939c.dir/link.txt --verbose=1
/Library/Developer/CommandLineTools/usr/bin/cc  -maes -march=native -fno-strict-aliasing -D_fcf_protection=full_c -isysroot /Library/Developer/CommandLineTools/SDKs/MacOSX10.15.sdk -Wl,-search_paths_first -Wl,-headerpad_max_install_names   CMakeFiles/cmTC_0939c.dir/src.c.o  -o cmTC_0939c 


Source file was:
int main(void) { return 0; }
Performing C++ SOURCE FILE Test _fcf_protection=full_cxx succeeded with the following output:
Change Dir: /Users/hahyunsoo/Github/Anonymityvoting/build/Darwin/master/release/CMakeFiles/CMakeTmp

Run Build Command(s):/usr/bin/make cmTC_cb9d9/fast && /Library/Developer/CommandLineTools/usr/bin/make -f CMakeFiles/cmTC_cb9d9.dir/build.make CMakeFiles/cmTC_cb9d9.dir/build
Building CXX object CMakeFiles/cmTC_cb9d9.dir/src.cxx.o
/Library/Developer/CommandLineTools/usr/bin/c++    -march=x86-64 -fvisibility=default -std=c++11 -maes -march=native -fno-strict-aliasing -D_fcf_protection=full_cxx -isysroot /Library/Developer/CommandLineTools/SDKs/MacOSX10.15.sdk   -fcf-protection=full -o CMakeFiles/cmTC_cb9d9.dir/src.cxx.o -c /Users/hahyunsoo/Github/Anonymityvoting/build/Darwin/master/release/CMakeFiles/CMakeTmp/src.cxx
Linking CXX executable cmTC_cb9d9
/usr/local/Cellar/cmake/3.15.5/bin/cmake -E cmake_link_script CMakeFiles/cmTC_cb9d9.dir/link.txt --verbose=1
/Library/Developer/CommandLineTools/usr/bin/c++   -march=x86-64 -fvisibility=default -std=c++11 -maes -march=native -fno-strict-aliasing -D_fcf_protection=full_cxx -isysroot /Library/Developer/CommandLineTools/SDKs/MacOSX10.15.sdk -Wl,-search_paths_first -Wl,-headerpad_max_install_names   CMakeFiles/cmTC_cb9d9.dir/src.cxx.o  -o cmTC_cb9d9 


Source file was:
int main() { return 0; }
Determining if the -pie linker flag is supported passed with the following output:
Change Dir: /Users/hahyunsoo/Github/Anonymityvoting/build/Darwin/master/release/CMakeFiles/CMakeTmp

Run Build Command(s):/usr/bin/make cmTC_1ed5e/fast && /Library/Developer/CommandLineTools/usr/bin/make -f CMakeFiles/cmTC_1ed5e.dir/build.make CMakeFiles/cmTC_1ed5e.dir/build
Building C object CMakeFiles/cmTC_1ed5e.dir/CheckLinkerFlag.c.o
/Library/Developer/CommandLineTools/usr/bin/cc   -pie  -isysroot /Library/Developer/CommandLineTools/SDKs/MacOSX10.15.sdk   -pie -o CMakeFiles/cmTC_1ed5e.dir/CheckLinkerFlag.c.o   -c /Users/hahyunsoo/Github/Anonymityvoting/cmake/CheckLinkerFlag.c
clang: warning: argument unused during compilation: '-pie' [-Wunused-command-line-argument]
clang: warning: argument unused during compilation: '-pie' [-Wunused-command-line-argument]
Linking C executable cmTC_1ed5e
/usr/local/Cellar/cmake/3.15.5/bin/cmake -E cmake_link_script CMakeFiles/cmTC_1ed5e.dir/link.txt --verbose=1
/Library/Developer/CommandLineTools/usr/bin/cc -pie  -isysroot /Library/Developer/CommandLineTools/SDKs/MacOSX10.15.sdk -Wl,-search_paths_first -Wl,-headerpad_max_install_names   CMakeFiles/cmTC_1ed5e.dir/CheckLinkerFlag.c.o  -o cmTC_1ed5e 
clang: warning: argument unused during compilation: '-pie' [-Wunused-command-line-argument]



Determining if the function rl_copy_text exists passed with the following output:
Change Dir: /Users/hahyunsoo/Github/Anonymityvoting/build/Darwin/master/release/CMakeFiles/CMakeTmp

Run Build Command(s):/usr/bin/make cmTC_5e6f3/fast && /Library/Developer/CommandLineTools/usr/bin/make -f CMakeFiles/cmTC_5e6f3.dir/build.make CMakeFiles/cmTC_5e6f3.dir/build
Building C object CMakeFiles/cmTC_5e6f3.dir/CheckFunctionExists.c.o
/Library/Developer/CommandLineTools/usr/bin/cc  -I/usr/local/opt/readline/include  -maes -march=native -fno-strict-aliasing -std=c11 -D_GNU_SOURCE   -Wall -Wextra -Wpointer-arith -Wundef -Wvla -Wwrite-strings -Wno-error=extra -Wno-error=deprecated-declarations -Wno-unused-parameter -Wno-unused-variable -Wno-error=unused-variable -Wno-error=undef -Wno-error=uninitialized -Waggregate-return -Wnested-externs -Wold-style-definition -Wstrict-prototypes  -fPIC  -Wformat -Wformat-security -fstack-protector -fstack-protector-strong -fcf-protection=full -fno-strict-aliasing -DCHECK_FUNCTION_EXISTS=rl_copy_text -isysroot /Library/Developer/CommandLineTools/SDKs/MacOSX10.15.sdk   -o CMakeFiles/cmTC_5e6f3.dir/CheckFunctionExists.c.o   -c /usr/local/Cellar/cmake/3.15.5/share/cmake/Modules/CheckFunctionExists.c
Linking C executable cmTC_5e6f3
/usr/local/Cellar/cmake/3.15.5/bin/cmake -E cmake_link_script CMakeFiles/cmTC_5e6f3.dir/link.txt --verbose=1
/Library/Developer/CommandLineTools/usr/bin/cc  -maes -march=native -fno-strict-aliasing -std=c11 -D_GNU_SOURCE   -Wall -Wextra -Wpointer-arith -Wundef -Wvla -Wwrite-strings -Wno-error=extra -Wno-error=deprecated-declarations -Wno-unused-parameter -Wno-unused-variable -Wno-error=unused-variable -Wno-error=undef -Wno-error=uninitialized -Waggregate-return -Wnested-externs -Wold-style-definition -Wstrict-prototypes  -fPIC  -Wformat -Wformat-security -fstack-protector -fstack-protector-strong -fcf-protection=full -fno-strict-aliasing -DCHECK_FUNCTION_EXISTS=rl_copy_text -isysroot /Library/Developer/CommandLineTools/SDKs/MacOSX10.15.sdk -Wl,-search_paths_first -Wl,-headerpad_max_install_names   CMakeFiles/cmTC_5e6f3.dir/CheckFunctionExists.c.o  -o cmTC_5e6f3 /usr/local/opt/readline/lib/libreadline.dylib 



Determining if the function rl_filename_completion_function exists passed with the following output:
Change Dir: /Users/hahyunsoo/Github/Anonymityvoting/build/Darwin/master/release/CMakeFiles/CMakeTmp

Run Build Command(s):/usr/bin/make cmTC_903b2/fast && /Library/Developer/CommandLineTools/usr/bin/make -f CMakeFiles/cmTC_903b2.dir/build.make CMakeFiles/cmTC_903b2.dir/build
Building C object CMakeFiles/cmTC_903b2.dir/CheckFunctionExists.c.o
/Library/Developer/CommandLineTools/usr/bin/cc  -I/usr/local/opt/readline/include  -maes -march=native -fno-strict-aliasing -std=c11 -D_GNU_SOURCE   -Wall -Wextra -Wpointer-arith -Wundef -Wvla -Wwrite-strings -Wno-error=extra -Wno-error=deprecated-declarations -Wno-unused-parameter -Wno-unused-variable -Wno-error=unused-variable -Wno-error=undef -Wno-error=uninitialized -Waggregate-return -Wnested-externs -Wold-style-definition -Wstrict-prototypes  -fPIC  -Wformat -Wformat-security -fstack-protector -fstack-protector-strong -fcf-protection=full -fno-strict-aliasing -DCHECK_FUNCTION_EXISTS=rl_filename_completion_function -isysroot /Library/Developer/CommandLineTools/SDKs/MacOSX10.15.sdk   -o CMakeFiles/cmTC_903b2.dir/CheckFunctionExists.c.o   -c /usr/local/Cellar/cmake/3.15.5/share/cmake/Modules/CheckFunctionExists.c
Linking C executable cmTC_903b2
/usr/local/Cellar/cmake/3.15.5/bin/cmake -E cmake_link_script CMakeFiles/cmTC_903b2.dir/link.txt --verbose=1
/Library/Developer/CommandLineTools/usr/bin/cc  -maes -march=native -fno-strict-aliasing -std=c11 -D_GNU_SOURCE   -Wall -Wextra -Wpointer-arith -Wundef -Wvla -Wwrite-strings -Wno-error=extra -Wno-error=deprecated-declarations -Wno-unused-parameter -Wno-unused-variable -Wno-error=unused-variable -Wno-error=undef -Wno-error=uninitialized -Waggregate-return -Wnested-externs -Wold-style-definition -Wstrict-prototypes  -fPIC  -Wformat -Wformat-security -fstack-protector -fstack-protector-strong -fcf-protection=full -fno-strict-aliasing -DCHECK_FUNCTION_EXISTS=rl_filename_completion_function -isysroot /Library/Developer/CommandLineTools/SDKs/MacOSX10.15.sdk -Wl,-search_paths_first -Wl,-headerpad_max_install_names   CMakeFiles/cmTC_903b2.dir/CheckFunctionExists.c.o  -o cmTC_903b2 /usr/local/opt/readline/lib/libreadline.dylib 



Performing C SOURCE FILE Test HAVE_C11 succeeded with the following output:
Change Dir: /Users/hahyunsoo/Github/Anonymityvoting/build/Darwin/master/release/CMakeFiles/CMakeTmp

Run Build Command(s):/usr/bin/make cmTC_34cde/fast && /Library/Developer/CommandLineTools/usr/bin/make -f CMakeFiles/cmTC_34cde.dir/build.make CMakeFiles/cmTC_34cde.dir/build
Building C object CMakeFiles/cmTC_34cde.dir/src.c.o
/Library/Developer/CommandLineTools/usr/bin/cc  -I/usr/local/opt/readline/include  -maes -march=native -fno-strict-aliasing -std=c11 -D_GNU_SOURCE   -Wall -Wextra -Wpointer-arith -Wundef -Wvla -Wwrite-strings -Wno-error=extra -Wno-error=deprecated-declarations -Wno-unused-parameter -Wno-unused-variable -Wno-error=unused-variable -Wno-error=undef -Wno-error=uninitialized -Waggregate-return -Wnested-externs -Wold-style-definition -Wstrict-prototypes  -fPIC  -Wformat -Wformat-security -fstack-protector -fstack-protector-strong -fcf-protection=full -fno-strict-aliasing -DHAVE_C11 -isysroot /Library/Developer/CommandLineTools/SDKs/MacOSX10.15.sdk   -std=c11 -o CMakeFiles/cmTC_34cde.dir/src.c.o   -c /Users/hahyunsoo/Github/Anonymityvoting/build/Darwin/master/release/CMakeFiles/CMakeTmp/src.c
Linking C executable cmTC_34cde
/usr/local/Cellar/cmake/3.15.5/bin/cmake -E cmake_link_script CMakeFiles/cmTC_34cde.dir/link.txt --verbose=1
/Library/Developer/CommandLineTools/usr/bin/cc  -maes -march=native -fno-strict-aliasing -std=c11 -D_GNU_SOURCE   -Wall -Wextra -Wpointer-arith -Wundef -Wvla -Wwrite-strings -Wno-error=extra -Wno-error=deprecated-declarations -Wno-unused-parameter -Wno-unused-variable -Wno-error=unused-variable -Wno-error=undef -Wno-error=uninitialized -Waggregate-return -Wnested-externs -Wold-style-definition -Wstrict-prototypes  -fPIC  -Wformat -Wformat-security -fstack-protector -fstack-protector-strong -fcf-protection=full -fno-strict-aliasing -DHAVE_C11 -isysroot /Library/Developer/CommandLineTools/SDKs/MacOSX10.15.sdk -Wl,-search_paths_first -Wl,-headerpad_max_install_names   CMakeFiles/cmTC_34cde.dir/src.c.o  -o cmTC_34cde /usr/local/opt/readline/lib/libreadline.dylib 


Source file was:
int main(void) { return 0; }
Performing C++ SOURCE FILE Test _march=native_cxx succeeded with the following output:
Change Dir: /Users/hahyunsoo/Github/Anonymityvoting/build/Darwin/master/release/CMakeFiles/CMakeTmp

Run Build Command(s):/usr/bin/make cmTC_5e367/fast && /Library/Developer/CommandLineTools/usr/bin/make -f CMakeFiles/cmTC_5e367.dir/build.make CMakeFiles/cmTC_5e367.dir/build
Building CXX object CMakeFiles/cmTC_5e367.dir/src.cxx.o
/Library/Developer/CommandLineTools/usr/bin/c++    -march=x86-64 -fvisibility=default -std=c++11 -D_march=native_cxx -isysroot /Library/Developer/CommandLineTools/SDKs/MacOSX10.15.sdk   -march=native -o CMakeFiles/cmTC_5e367.dir/src.cxx.o -c /Users/hahyunsoo/Github/Anonymityvoting/build/Darwin/master/release/CMakeFiles/CMakeTmp/src.cxx
Linking CXX executable cmTC_5e367
/usr/local/Cellar/cmake/3.15.5/bin/cmake -E cmake_link_script CMakeFiles/cmTC_5e367.dir/link.txt --verbose=1
/Library/Developer/CommandLineTools/usr/bin/c++   -march=x86-64 -fvisibility=default -std=c++11 -D_march=native_cxx -isysroot /Library/Developer/CommandLineTools/SDKs/MacOSX10.15.sdk -Wl,-search_paths_first -Wl,-headerpad_max_install_names   CMakeFiles/cmTC_5e367.dir/src.cxx.o  -o cmTC_5e367 


Source file was:
int main() { return 0; }
Performing C SOURCE FILE Test _march=native_c succeeded with the following output:
Change Dir: /Users/hahyunsoo/Github/Anonymityvoting/build/Darwin/master/release/CMakeFiles/CMakeTmp

Run Build Command(s):/usr/bin/make cmTC_97d8f/fast && /Library/Developer/CommandLineTools/usr/bin/make -f CMakeFiles/cmTC_97d8f.dir/build.make CMakeFiles/cmTC_97d8f.dir/build
Building C object CMakeFiles/cmTC_97d8f.dir/src.c.o
/Library/Developer/CommandLineTools/usr/bin/cc   -D_march=native_c -isysroot /Library/Developer/CommandLineTools/SDKs/MacOSX10.15.sdk   -march=native -o CMakeFiles/cmTC_97d8f.dir/src.c.o   -c /Users/hahyunsoo/Github/Anonymityvoting/build/Darwin/master/release/CMakeFiles/CMakeTmp/src.c
Linking C executable cmTC_97d8f
/usr/local/Cellar/cmake/3.15.5/bin/cmake -E cmake_link_script CMakeFiles/cmTC_97d8f.dir/link.txt --verbose=1
/Library/Developer/CommandLineTools/usr/bin/cc  -D_march=native_c -isysroot /Library/Developer/CommandLineTools/SDKs/MacOSX10.15.sdk -Wl,-search_paths_first -Wl,-headerpad_max_install_names   CMakeFiles/cmTC_97d8f.dir/src.c.o  -o cmTC_97d8f 


Source file was:
int main(void) { return 0; }
Performing C SOURCE FILE Test _fcf_protection=full_c succeeded with the following output:
Change Dir: /Users/hahyunsoo/Github/Anonymityvoting/build/Darwin/master/release/CMakeFiles/CMakeTmp

Run Build Command(s):/usr/bin/make cmTC_1ce84/fast && /Library/Developer/CommandLineTools/usr/bin/make -f CMakeFiles/cmTC_1ce84.dir/build.make CMakeFiles/cmTC_1ce84.dir/build
Building C object CMakeFiles/cmTC_1ce84.dir/src.c.o
/Library/Developer/CommandLineTools/usr/bin/cc   -maes -march=native -fno-strict-aliasing -D_fcf_protection=full_c -isysroot /Library/Developer/CommandLineTools/SDKs/MacOSX10.15.sdk   -fcf-protection=full -o CMakeFiles/cmTC_1ce84.dir/src.c.o   -c /Users/hahyunsoo/Github/Anonymityvoting/build/Darwin/master/release/CMakeFiles/CMakeTmp/src.c
Linking C executable cmTC_1ce84
/usr/local/Cellar/cmake/3.15.5/bin/cmake -E cmake_link_script CMakeFiles/cmTC_1ce84.dir/link.txt --verbose=1
/Library/Developer/CommandLineTools/usr/bin/cc  -maes -march=native -fno-strict-aliasing -D_fcf_protection=full_c -isysroot /Library/Developer/CommandLineTools/SDKs/MacOSX10.15.sdk -Wl,-search_paths_first -Wl,-headerpad_max_install_names   CMakeFiles/cmTC_1ce84.dir/src.c.o  -o cmTC_1ce84 


Source file was:
int main(void) { return 0; }
Performing C++ SOURCE FILE Test _fcf_protection=full_cxx succeeded with the following output:
Change Dir: /Users/hahyunsoo/Github/Anonymityvoting/build/Darwin/master/release/CMakeFiles/CMakeTmp

Run Build Command(s):/usr/bin/make cmTC_c59a0/fast && /Library/Developer/CommandLineTools/usr/bin/make -f CMakeFiles/cmTC_c59a0.dir/build.make CMakeFiles/cmTC_c59a0.dir/build
Building CXX object CMakeFiles/cmTC_c59a0.dir/src.cxx.o
/Library/Developer/CommandLineTools/usr/bin/c++    -march=x86-64 -fvisibility=default -std=c++11 -maes -march=native -fno-strict-aliasing -D_fcf_protection=full_cxx -isysroot /Library/Developer/CommandLineTools/SDKs/MacOSX10.15.sdk   -fcf-protection=full -o CMakeFiles/cmTC_c59a0.dir/src.cxx.o -c /Users/hahyunsoo/Github/Anonymityvoting/build/Darwin/master/release/CMakeFiles/CMakeTmp/src.cxx
Linking CXX executable cmTC_c59a0
/usr/local/Cellar/cmake/3.15.5/bin/cmake -E cmake_link_script CMakeFiles/cmTC_c59a0.dir/link.txt --verbose=1
/Library/Developer/CommandLineTools/usr/bin/c++   -march=x86-64 -fvisibility=default -std=c++11 -maes -march=native -fno-strict-aliasing -D_fcf_protection=full_cxx -isysroot /Library/Developer/CommandLineTools/SDKs/MacOSX10.15.sdk -Wl,-search_paths_first -Wl,-headerpad_max_install_names   CMakeFiles/cmTC_c59a0.dir/src.cxx.o  -o cmTC_c59a0 


Source file was:
int main() { return 0; }
